This file contains any messages produced by compilers while
running configure, to aid debugging if configure makes a mistake.

It was created by libshout configure 2.4.5, which was
generated by GNU Autoconf 2.69.  Invocation command line was

  $ ./configure 

## --------- ##
## Platform. ##
## --------- ##

hostname = NA-Internet-In-A-Box
uname -m = armv7l
uname -r = 5.10.63-v7+
uname -s = Linux
uname -v = #1459 SMP Wed Oct 6 16:41:10 BST 2021

/usr/bin/uname -p = unknown
/bin/uname -X     = unknown

/bin/arch              = armv7l
/usr/bin/arch -k       = unknown
/usr/convex/getsysinfo = unknown
/usr/bin/hostinfo      = unknown
/bin/machine           = unknown
/usr/bin/oslevel       = unknown
/bin/universe          = unknown

PATH: /usr/local/sbin
PATH: /usr/local/bin
PATH: /usr/sbin
PATH: /usr/bin
PATH: /sbin
PATH: /bin
PATH: /usr/local/games
PATH: /usr/games


## ----------- ##
## Core tests. ##
## ----------- ##

configure:2683: checking for a BSD-compatible install
configure:2751: result: /usr/bin/install -c
configure:2762: checking whether build environment is sane
configure:2817: result: yes
configure:2968: checking for a thread-safe mkdir -p
configure:3007: result: /usr/bin/mkdir -p
configure:3014: checking for gawk
configure:3044: result: no
configure:3014: checking for mawk
configure:3030: found /usr/bin/mawk
configure:3041: result: mawk
configure:3052: checking whether make sets $(MAKE)
configure:3074: result: yes
configure:3103: checking whether make supports nested variables
configure:3120: result: yes
configure:3247: checking whether to enable maintainer-specific portions of Makefiles
configure:3256: result: no
configure:3320: checking for gcc
configure:3336: found /usr/bin/gcc
configure:3347: result: gcc
configure:3576: checking for C compiler version
configure:3585: gcc --version >&5
gcc (Raspbian 10.2.1-6+rpi1) 10.2.1 20210110
Copyright (C) 2020 Free Software Foundation, Inc.
This is free software; see the source for copying conditions.  There is NO
warranty; not even for MERCHANTABILITY or FITNESS FOR A PARTICULAR PURPOSE.

configure:3596: $? = 0
configure:3585: gcc -v >&5
Using built-in specs.
COLLECT_GCC=gcc
COLLECT_LTO_WRAPPER=/usr/lib/gcc/arm-linux-gnueabihf/10/lto-wrapper
Target: arm-linux-gnueabihf
Configured with: ../src/configure -v --with-pkgversion='Raspbian 10.2.1-6+rpi1' --with-bugurl=file:///usr/share/doc/gcc-10/README.Bugs --enable-languages=c,ada,c++,go,d,fortran,objc,obj-c++,m2 --prefix=/usr --with-gcc-major-version-only --program-suffix=-10 --program-prefix=arm-linux-gnueabihf- --enable-shared --enable-linker-build-id --libexecdir=/usr/lib --without-included-gettext --enable-threads=posix --libdir=/usr/lib --enable-nls --enable-bootstrap --enable-clocale=gnu --enable-libstdcxx-debug --enable-libstdcxx-time=yes --with-default-libstdcxx-abi=new --enable-gnu-unique-object --disable-libitm --disable-libquadmath --disable-libquadmath-support --enable-plugin --with-system-zlib --enable-libphobos-checking=release --with-target-system-zlib=auto --enable-objc-gc=auto --enable-multiarch --disable-sjlj-exceptions --with-arch=armv6 --with-fpu=vfp --with-float=hard --disable-werror --enable-checking=release --build=arm-linux-gnueabihf --host=arm-linux-gnueabihf --target=arm-linux-gnueabihf
Thread model: posix
Supported LTO compression algorithms: zlib zstd
gcc version 10.2.1 20210110 (Raspbian 10.2.1-6+rpi1) 
configure:3596: $? = 0
configure:3585: gcc -V >&5
gcc: error: unrecognized command-line option '-V'
gcc: fatal error: no input files
compilation terminated.
configure:3596: $? = 1
configure:3585: gcc -qversion >&5
gcc: error: unrecognized command-line option '-qversion'; did you mean '--version'?
gcc: fatal error: no input files
compilation terminated.
configure:3596: $? = 1
configure:3616: checking whether the C compiler works
configure:3638: gcc    conftest.c  >&5
configure:3642: $? = 0
configure:3690: result: yes
configure:3693: checking for C compiler default output file name
configure:3695: result: a.out
configure:3701: checking for suffix of executables
configure:3708: gcc -o conftest    conftest.c  >&5
configure:3712: $? = 0
configure:3734: result: 
configure:3756: checking whether we are cross compiling
configure:3764: gcc -o conftest    conftest.c  >&5
configure:3768: $? = 0
configure:3775: ./conftest
configure:3779: $? = 0
configure:3794: result: no
configure:3799: checking for suffix of object files
configure:3821: gcc -c   conftest.c >&5
configure:3825: $? = 0
configure:3846: result: o
configure:3850: checking whether we are using the GNU C compiler
configure:3869: gcc -c   conftest.c >&5
configure:3869: $? = 0
configure:3878: result: yes
configure:3887: checking whether gcc accepts -g
configure:3907: gcc -c -g  conftest.c >&5
configure:3907: $? = 0
configure:3948: result: yes
configure:3965: checking for gcc option to accept ISO C89
configure:4028: gcc  -c -g -O2  conftest.c >&5
configure:4028: $? = 0
configure:4041: result: none needed
configure:4066: checking whether gcc understands -c and -o together
configure:4088: gcc -c conftest.c -o conftest2.o
configure:4091: $? = 0
configure:4088: gcc -c conftest.c -o conftest2.o
configure:4091: $? = 0
configure:4103: result: yes
configure:4131: checking for style of include used by make
configure:4159: result: GNU
configure:4185: checking dependency style of gcc
configure:4296: result: gcc3
configure:4340: checking build system type
configure:4354: result: armv7l-unknown-linux-gnueabihf
configure:4374: checking host system type
configure:4387: result: armv7l-unknown-linux-gnueabihf
configure:4428: checking how to print strings
configure:4455: result: printf
configure:4476: checking for a sed that does not truncate output
configure:4540: result: /usr/bin/sed
configure:4558: checking for grep that handles long lines and -e
configure:4616: result: /usr/bin/grep
configure:4621: checking for egrep
configure:4683: result: /usr/bin/grep -E
configure:4688: checking for fgrep
configure:4750: result: /usr/bin/grep -F
configure:4785: checking for ld used by gcc
configure:4852: result: /usr/bin/ld
configure:4859: checking if the linker (/usr/bin/ld) is GNU ld
configure:4874: result: yes
configure:4886: checking for BSD- or MS-compatible name lister (nm)
configure:4935: result: /usr/bin/nm -B
configure:5065: checking the name lister (/usr/bin/nm -B) interface
configure:5072: gcc -c -g -O2  conftest.c >&5
configure:5075: /usr/bin/nm -B "conftest.o"
configure:5078: output
00000000 B some_variable
configure:5085: result: BSD nm
configure:5088: checking whether ln -s works
configure:5092: result: yes
configure:5100: checking the maximum length of command line arguments
configure:5231: result: 1572864
configure:5248: checking whether the shell understands some XSI constructs
configure:5258: result: yes
configure:5262: checking whether the shell understands "+="
configure:5268: result: yes
configure:5303: checking how to convert armv7l-unknown-linux-gnueabihf file names to armv7l-unknown-linux-gnueabihf format
configure:5343: result: func_convert_file_noop
configure:5350: checking how to convert armv7l-unknown-linux-gnueabihf file names to toolchain format
configure:5370: result: func_convert_file_noop
configure:5377: checking for /usr/bin/ld option to reload object files
configure:5384: result: -r
configure:5458: checking for objdump
configure:5474: found /usr/bin/objdump
configure:5485: result: objdump
configure:5517: checking how to recognize dependent libraries
configure:5715: result: pass_all
configure:5800: checking for dlltool
configure:5830: result: no
configure:5860: checking how to associate runtime and link libraries
configure:5887: result: printf %s\n
configure:5948: checking for ar
configure:5964: found /usr/bin/ar
configure:5975: result: ar
configure:6012: checking for archiver @FILE support
configure:6029: gcc -c -g -O2  conftest.c >&5
configure:6029: $? = 0
configure:6032: ar cru libconftest.a @conftest.lst >&5
ar: `u' modifier ignored since `D' is the default (see `U')
configure:6035: $? = 0
configure:6040: ar cru libconftest.a @conftest.lst >&5
ar: `u' modifier ignored since `D' is the default (see `U')
ar: conftest.o: No such file or directory
configure:6043: $? = 1
configure:6055: result: @
configure:6113: checking for strip
configure:6129: found /usr/bin/strip
configure:6140: result: strip
configure:6212: checking for ranlib
configure:6228: found /usr/bin/ranlib
configure:6239: result: ranlib
configure:6341: checking command to parse /usr/bin/nm -B output from gcc object
configure:6461: gcc -c -g -O2  conftest.c >&5
configure:6464: $? = 0
configure:6468: /usr/bin/nm -B conftest.o \| sed -n -e 's/^.*[ ]\([ABCDGIRSTW][ABCDGIRSTW]*\)[ ][ ]*\([_A-Za-z][_A-Za-z0-9]*\)$/\1 \2 \2/p' | sed '/ __gnu_lto/d' \> conftest.nm
configure:6471: $? = 0
configure:6537: gcc -o conftest -g -O2   conftest.c conftstm.o >&5
configure:6540: $? = 0
configure:6578: result: ok
configure:6615: checking for sysroot
configure:6645: result: no
configure:6914: checking for mt
configure:6930: found /usr/bin/mt
configure:6941: result: mt
configure:6964: checking if mt is a manifest tool
configure:6970: mt '-?'
configure:6978: result: no
configure:7620: checking how to run the C preprocessor
configure:7651: gcc -E  conftest.c
configure:7651: $? = 0
configure:7665: gcc -E  conftest.c
conftest.c:14:10: fatal error: ac_nonexistent.h: No such file or directory
   14 | #include <ac_nonexistent.h>
      |          ^~~~~~~~~~~~~~~~~~
compilation terminated.
configure:7665: $? = 1
configure: failed program was:
| /* confdefs.h */
| #define PACKAGE_NAME "libshout"
| #define PACKAGE_TARNAME "libshout"
| #define PACKAGE_VERSION "2.4.5"
| #define PACKAGE_STRING "libshout 2.4.5"
| #define PACKAGE_BUGREPORT "icecast-dev@xiph.org"
| #define PACKAGE_URL ""
| #define LIBSHOUT_MAJOR 2
| #define LIBSHOUT_MINOR 4
| #define LIBSHOUT_MICRO 5
| #define PACKAGE "libshout"
| #define VERSION "2.4.5"
| /* end confdefs.h.  */
| #include <ac_nonexistent.h>
configure:7690: result: gcc -E
configure:7710: gcc -E  conftest.c
configure:7710: $? = 0
configure:7724: gcc -E  conftest.c
conftest.c:14:10: fatal error: ac_nonexistent.h: No such file or directory
   14 | #include <ac_nonexistent.h>
      |          ^~~~~~~~~~~~~~~~~~
compilation terminated.
configure:7724: $? = 1
configure: failed program was:
| /* confdefs.h */
| #define PACKAGE_NAME "libshout"
| #define PACKAGE_TARNAME "libshout"
| #define PACKAGE_VERSION "2.4.5"
| #define PACKAGE_STRING "libshout 2.4.5"
| #define PACKAGE_BUGREPORT "icecast-dev@xiph.org"
| #define PACKAGE_URL ""
| #define LIBSHOUT_MAJOR 2
| #define LIBSHOUT_MINOR 4
| #define LIBSHOUT_MICRO 5
| #define PACKAGE "libshout"
| #define VERSION "2.4.5"
| /* end confdefs.h.  */
| #include <ac_nonexistent.h>
configure:7753: checking for ANSI C header files
configure:7773: gcc -c -g -O2  conftest.c >&5
configure:7773: $? = 0
configure:7846: gcc -o conftest -g -O2   conftest.c  >&5
configure:7846: $? = 0
configure:7846: ./conftest
configure:7846: $? = 0
configure:7857: result: yes
configure:7870: checking for sys/types.h
configure:7870: gcc -c -g -O2  conftest.c >&5
configure:7870: $? = 0
configure:7870: result: yes
configure:7870: checking for sys/stat.h
configure:7870: gcc -c -g -O2  conftest.c >&5
configure:7870: $? = 0
configure:7870: result: yes
configure:7870: checking for stdlib.h
configure:7870: gcc -c -g -O2  conftest.c >&5
configure:7870: $? = 0
configure:7870: result: yes
configure:7870: checking for string.h
configure:7870: gcc -c -g -O2  conftest.c >&5
configure:7870: $? = 0
configure:7870: result: yes
configure:7870: checking for memory.h
configure:7870: gcc -c -g -O2  conftest.c >&5
configure:7870: $? = 0
configure:7870: result: yes
configure:7870: checking for strings.h
configure:7870: gcc -c -g -O2  conftest.c >&5
configure:7870: $? = 0
configure:7870: result: yes
configure:7870: checking for inttypes.h
configure:7870: gcc -c -g -O2  conftest.c >&5
configure:7870: $? = 0
configure:7870: result: yes
configure:7870: checking for stdint.h
configure:7870: gcc -c -g -O2  conftest.c >&5
configure:7870: $? = 0
configure:7870: result: yes
configure:7870: checking for unistd.h
configure:7870: gcc -c -g -O2  conftest.c >&5
configure:7870: $? = 0
configure:7870: result: yes
configure:7884: checking for dlfcn.h
configure:7884: gcc -c -g -O2  conftest.c >&5
configure:7884: $? = 0
configure:7884: result: yes
configure:8090: checking for objdir
configure:8105: result: .libs
configure:8376: checking if gcc supports -fno-rtti -fno-exceptions
configure:8394: gcc -c -g -O2  -fno-rtti -fno-exceptions conftest.c >&5
cc1: warning: command-line option '-fno-rtti' is valid for C++/D/ObjC++ but not for C
configure:8398: $? = 0
configure:8411: result: no
configure:8738: checking for gcc option to produce PIC
configure:8745: result: -fPIC -DPIC
configure:8753: checking if gcc PIC flag -fPIC -DPIC works
configure:8771: gcc -c -g -O2  -fPIC -DPIC -DPIC conftest.c >&5
configure:8775: $? = 0
configure:8788: result: yes
configure:8817: checking if gcc static flag -static works
configure:8845: result: yes
configure:8860: checking if gcc supports -c -o file.o
configure:8881: gcc -c -g -O2  -o out/conftest2.o conftest.c >&5
configure:8885: $? = 0
configure:8907: result: yes
configure:8915: checking if gcc supports -c -o file.o
configure:8962: result: yes
configure:8995: checking whether the gcc linker (/usr/bin/ld) supports shared libraries
configure:10152: result: yes
configure:10189: checking whether -lc should be explicitly linked in
configure:10197: gcc -c -g -O2  conftest.c >&5
configure:10200: $? = 0
configure:10215: gcc -shared  -fPIC -DPIC conftest.o  -v -Wl,-soname -Wl,conftest -o conftest 2\>\&1 \| /usr/bin/grep  -lc  \>/dev/null 2\>\&1
configure:10218: $? = 0
configure:10232: result: no
configure:10392: checking dynamic linker characteristics
configure:10892: gcc -o conftest -g -O2   -Wl,-rpath -Wl,/foo conftest.c  >&5
configure:10892: $? = 0
configure:11126: result: GNU/Linux ld.so
configure:11233: checking how to hardcode library paths into programs
configure:11258: result: immediate
configure:11798: checking whether stripping libraries is possible
configure:11803: result: yes
configure:11838: checking if libtool supports shared libraries
configure:11840: result: yes
configure:11843: checking whether to build shared libraries
configure:11864: result: yes
configure:11867: checking whether to build static libraries
configure:11871: result: yes
configure:11946: checking for ANSI C header files
configure:12050: result: yes
configure:12058: checking whether time.h and sys/time.h may both be included
configure:12078: gcc -c -g -O2  conftest.c >&5
configure:12078: $? = 0
configure:12085: result: yes
configure:12096: checking for strings.h
configure:12096: result: yes
configure:12096: checking sys/timeb.h usability
configure:12096: gcc -c -g -O2  conftest.c >&5
configure:12096: $? = 0
configure:12096: result: yes
configure:12096: checking sys/timeb.h presence
configure:12096: gcc -E  conftest.c
configure:12096: $? = 0
configure:12096: result: yes
configure:12096: checking for sys/timeb.h
configure:12096: result: yes
configure:12096: checking arpa/inet.h usability
configure:12096: gcc -c -g -O2  conftest.c >&5
configure:12096: $? = 0
configure:12096: result: yes
configure:12096: checking arpa/inet.h presence
configure:12096: gcc -E  conftest.c
configure:12096: $? = 0
configure:12096: result: yes
configure:12096: checking for arpa/inet.h
configure:12096: result: yes
configure:12108: checking stdarg.h usability
configure:12108: gcc -c -g -O2  conftest.c >&5
configure:12108: $? = 0
configure:12108: result: yes
configure:12108: checking stdarg.h presence
configure:12108: gcc -E  conftest.c
configure:12108: $? = 0
configure:12108: result: yes
configure:12108: checking for stdarg.h
configure:12108: result: yes
configure:12121: checking for an ANSI C-conforming const
configure:12187: gcc -c -g -O2  conftest.c >&5
configure:12187: $? = 0
configure:12194: result: yes
configure:12202: checking for inline
configure:12218: gcc -c -g -O2  conftest.c >&5
configure:12218: $? = 0
configure:12226: result: inline
configure:12246: checking for inttypes.h
configure:12246: result: yes
configure:12256: checking for uint32_t
configure:12256: gcc -c -g -O2  conftest.c >&5
configure:12256: $? = 0
configure:12256: gcc -c -g -O2  conftest.c >&5
conftest.c: In function 'main':
conftest.c:71:23: error: expected expression before ')' token
   71 | if (sizeof ((uint32_t)))
      |                       ^
configure:12256: $? = 1
configure: failed program was:
| /* confdefs.h */
| #define PACKAGE_NAME "libshout"
| #define PACKAGE_TARNAME "libshout"
| #define PACKAGE_VERSION "2.4.5"
| #define PACKAGE_STRING "libshout 2.4.5"
| #define PACKAGE_BUGREPORT "icecast-dev@xiph.org"
| #define PACKAGE_URL ""
| #define LIBSHOUT_MAJOR 2
| #define LIBSHOUT_MINOR 4
| #define LIBSHOUT_MICRO 5
| #define PACKAGE "libshout"
| #define VERSION "2.4.5"
| #define STDC_HEADERS 1
| #define HAVE_SYS_TYPES_H 1
| #define HAVE_SYS_STAT_H 1
| #define HAVE_STDLIB_H 1
| #define HAVE_STRING_H 1
| #define HAVE_MEMORY_H 1
| #define HAVE_STRINGS_H 1
| #define HAVE_INTTYPES_H 1
| #define HAVE_STDINT_H 1
| #define HAVE_UNISTD_H 1
| #define HAVE_DLFCN_H 1
| #define LT_OBJDIR ".libs/"
| #define _XOPEN_SOURCE 600
| #define _GNU_SOURCE /**/
| #define STDC_HEADERS 1
| #define TIME_WITH_SYS_TIME 1
| #define HAVE_STRINGS_H 1
| #define HAVE_SYS_TIMEB_H 1
| #define HAVE_ARPA_INET_H 1
| #define HAVE_STDARG_H 1
| #define HAVE_INTTYPES_H 1
| /* end confdefs.h.  */
| #include <stdio.h>
| #ifdef HAVE_SYS_TYPES_H
| # include <sys/types.h>
| #endif
| #ifdef HAVE_SYS_STAT_H
| # include <sys/stat.h>
| #endif
| #ifdef STDC_HEADERS
| # include <stdlib.h>
| # include <stddef.h>
| #else
| # ifdef HAVE_STDLIB_H
| #  include <stdlib.h>
| # endif
| #endif
| #ifdef HAVE_STRING_H
| # if !defined STDC_HEADERS && defined HAVE_MEMORY_H
| #  include <memory.h>
| # endif
| # include <string.h>
| #endif
| #ifdef HAVE_STRINGS_H
| # include <strings.h>
| #endif
| #ifdef HAVE_INTTYPES_H
| # include <inttypes.h>
| #endif
| #ifdef HAVE_STDINT_H
| # include <stdint.h>
| #endif
| #ifdef HAVE_UNISTD_H
| # include <unistd.h>
| #endif
| int
| main ()
| {
| if (sizeof ((uint32_t)))
| 	    return 0;
|   ;
|   return 0;
| }
configure:12256: result: yes
configure:12402: checking for gettimeofday
configure:12402: gcc -o conftest -g -O2   conftest.c  >&5
configure:12402: $? = 0
configure:12402: result: yes
configure:12402: checking for ftime
configure:12402: gcc -o conftest -g -O2   conftest.c  >&5
configure:12402: $? = 0
configure:12402: result: yes
configure:12413: checking for strcasestr
configure:12413: gcc -o conftest -g -O2   conftest.c  >&5
configure:12413: $? = 0
configure:12413: result: yes
configure:12422: checking for library containing nanosleep
configure:12453: gcc -o conftest -g -O2   conftest.c  >&5
configure:12453: $? = 0
configure:12470: result: none required
configure:12497: checking sys/socket.h usability
configure:12497: gcc -c -g -O2  conftest.c >&5
configure:12497: $? = 0
configure:12497: result: yes
configure:12497: checking sys/socket.h presence
configure:12497: gcc -E  conftest.c
configure:12497: $? = 0
configure:12497: result: yes
configure:12497: checking for sys/socket.h
configure:12497: result: yes
configure:12507: checking for socklen_t
configure:12507: gcc -c -g -O2  conftest.c >&5
configure:12507: $? = 0
configure:12507: gcc -c -g -O2  conftest.c >&5
conftest.c: In function 'main':
conftest.c:52:24: error: expected expression before ')' token
   52 | if (sizeof ((socklen_t)))
      |                        ^
configure:12507: $? = 1
configure: failed program was:
| /* confdefs.h */
| #define PACKAGE_NAME "libshout"
| #define PACKAGE_TARNAME "libshout"
| #define PACKAGE_VERSION "2.4.5"
| #define PACKAGE_STRING "libshout 2.4.5"
| #define PACKAGE_BUGREPORT "icecast-dev@xiph.org"
| #define PACKAGE_URL ""
| #define LIBSHOUT_MAJOR 2
| #define LIBSHOUT_MINOR 4
| #define LIBSHOUT_MICRO 5
| #define PACKAGE "libshout"
| #define VERSION "2.4.5"
| #define STDC_HEADERS 1
| #define HAVE_SYS_TYPES_H 1
| #define HAVE_SYS_STAT_H 1
| #define HAVE_STDLIB_H 1
| #define HAVE_STRING_H 1
| #define HAVE_MEMORY_H 1
| #define HAVE_STRINGS_H 1
| #define HAVE_INTTYPES_H 1
| #define HAVE_STDINT_H 1
| #define HAVE_UNISTD_H 1
| #define HAVE_DLFCN_H 1
| #define LT_OBJDIR ".libs/"
| #define _XOPEN_SOURCE 600
| #define _GNU_SOURCE /**/
| #define STDC_HEADERS 1
| #define TIME_WITH_SYS_TIME 1
| #define HAVE_STRINGS_H 1
| #define HAVE_SYS_TIMEB_H 1
| #define HAVE_ARPA_INET_H 1
| #define HAVE_STDARG_H 1
| #define HAVE_INTTYPES_H 1
| #define HAVE_C99_INTTYPES 1
| #define HAVE_GETTIMEOFDAY 1
| #define HAVE_FTIME 1
| #define HAVE_STRCASESTR 1
| #define HAVE_NANOSLEEP 1
| #define HAVE_SYS_SOCKET_H 1
| /* end confdefs.h.  */
| #if HAVE_SYS_TYPES_H
| # include <sys/types.h>
| #endif
| #if HAVE_SYS_SOCKET_H
| # include <sys/socket.h>
| #endif
| 
| 
| int
| main ()
| {
| if (sizeof ((socklen_t)))
| 	    return 0;
|   ;
|   return 0;
| }
configure:12507: result: yes
configure:12526: checking for va_copy
configure:12539: gcc -o conftest -g -O2   conftest.c  >&5
configure:12539: $? = 0
configure:12540: result: va_copy
configure:12579: checking sys/select.h usability
configure:12579: gcc -c -g -O2  conftest.c >&5
configure:12579: $? = 0
configure:12579: result: yes
configure:12579: checking sys/select.h presence
configure:12579: gcc -E  conftest.c
configure:12579: $? = 0
configure:12579: result: yes
configure:12579: checking for sys/select.h
configure:12579: result: yes
configure:12579: checking sys/uio.h usability
configure:12579: gcc -c -g -O2  conftest.c >&5
configure:12579: $? = 0
configure:12579: result: yes
configure:12579: checking sys/uio.h presence
configure:12579: gcc -E  conftest.c
configure:12579: $? = 0
configure:12579: result: yes
configure:12579: checking for sys/uio.h
configure:12579: result: yes
configure:12589: checking winsock2.h usability
configure:12589: gcc -c -g -O2  conftest.c >&5
conftest.c:77:10: fatal error: winsock2.h: No such file or directory
   77 | #include <winsock2.h>
      |          ^~~~~~~~~~~~
compilation terminated.
configure:12589: $? = 1
configure: failed program was:
| /* confdefs.h */
| #define PACKAGE_NAME "libshout"
| #define PACKAGE_TARNAME "libshout"
| #define PACKAGE_VERSION "2.4.5"
| #define PACKAGE_STRING "libshout 2.4.5"
| #define PACKAGE_BUGREPORT "icecast-dev@xiph.org"
| #define PACKAGE_URL ""
| #define LIBSHOUT_MAJOR 2
| #define LIBSHOUT_MINOR 4
| #define LIBSHOUT_MICRO 5
| #define PACKAGE "libshout"
| #define VERSION "2.4.5"
| #define STDC_HEADERS 1
| #define HAVE_SYS_TYPES_H 1
| #define HAVE_SYS_STAT_H 1
| #define HAVE_STDLIB_H 1
| #define HAVE_STRING_H 1
| #define HAVE_MEMORY_H 1
| #define HAVE_STRINGS_H 1
| #define HAVE_INTTYPES_H 1
| #define HAVE_STDINT_H 1
| #define HAVE_UNISTD_H 1
| #define HAVE_DLFCN_H 1
| #define LT_OBJDIR ".libs/"
| #define _XOPEN_SOURCE 600
| #define _GNU_SOURCE /**/
| #define STDC_HEADERS 1
| #define TIME_WITH_SYS_TIME 1
| #define HAVE_STRINGS_H 1
| #define HAVE_SYS_TIMEB_H 1
| #define HAVE_ARPA_INET_H 1
| #define HAVE_STDARG_H 1
| #define HAVE_INTTYPES_H 1
| #define HAVE_C99_INTTYPES 1
| #define HAVE_GETTIMEOFDAY 1
| #define HAVE_FTIME 1
| #define HAVE_STRCASESTR 1
| #define HAVE_NANOSLEEP 1
| #define HAVE_SYS_SOCKET_H 1
| #define HAVE_SOCKLEN_T 1
| #define HAVE_SYS_SELECT_H 1
| #define HAVE_SYS_UIO_H 1
| /* end confdefs.h.  */
| #include <stdio.h>
| #ifdef HAVE_SYS_TYPES_H
| # include <sys/types.h>
| #endif
| #ifdef HAVE_SYS_STAT_H
| # include <sys/stat.h>
| #endif
| #ifdef STDC_HEADERS
| # include <stdlib.h>
| # include <stddef.h>
| #else
| # ifdef HAVE_STDLIB_H
| #  include <stdlib.h>
| # endif
| #endif
| #ifdef HAVE_STRING_H
| # if !defined STDC_HEADERS && defined HAVE_MEMORY_H
| #  include <memory.h>
| # endif
| # include <string.h>
| #endif
| #ifdef HAVE_STRINGS_H
| # include <strings.h>
| #endif
| #ifdef HAVE_INTTYPES_H
| # include <inttypes.h>
| #endif
| #ifdef HAVE_STDINT_H
| # include <stdint.h>
| #endif
| #ifdef HAVE_UNISTD_H
| # include <unistd.h>
| #endif
| #include <winsock2.h>
configure:12589: result: no
configure:12589: checking winsock2.h presence
configure:12589: gcc -E  conftest.c
conftest.c:44:10: fatal error: winsock2.h: No such file or directory
   44 | #include <winsock2.h>
      |          ^~~~~~~~~~~~
compilation terminated.
configure:12589: $? = 1
configure: failed program was:
| /* confdefs.h */
| #define PACKAGE_NAME "libshout"
| #define PACKAGE_TARNAME "libshout"
| #define PACKAGE_VERSION "2.4.5"
| #define PACKAGE_STRING "libshout 2.4.5"
| #define PACKAGE_BUGREPORT "icecast-dev@xiph.org"
| #define PACKAGE_URL ""
| #define LIBSHOUT_MAJOR 2
| #define LIBSHOUT_MINOR 4
| #define LIBSHOUT_MICRO 5
| #define PACKAGE "libshout"
| #define VERSION "2.4.5"
| #define STDC_HEADERS 1
| #define HAVE_SYS_TYPES_H 1
| #define HAVE_SYS_STAT_H 1
| #define HAVE_STDLIB_H 1
| #define HAVE_STRING_H 1
| #define HAVE_MEMORY_H 1
| #define HAVE_STRINGS_H 1
| #define HAVE_INTTYPES_H 1
| #define HAVE_STDINT_H 1
| #define HAVE_UNISTD_H 1
| #define HAVE_DLFCN_H 1
| #define LT_OBJDIR ".libs/"
| #define _XOPEN_SOURCE 600
| #define _GNU_SOURCE /**/
| #define STDC_HEADERS 1
| #define TIME_WITH_SYS_TIME 1
| #define HAVE_STRINGS_H 1
| #define HAVE_SYS_TIMEB_H 1
| #define HAVE_ARPA_INET_H 1
| #define HAVE_STDARG_H 1
| #define HAVE_INTTYPES_H 1
| #define HAVE_C99_INTTYPES 1
| #define HAVE_GETTIMEOFDAY 1
| #define HAVE_FTIME 1
| #define HAVE_STRCASESTR 1
| #define HAVE_NANOSLEEP 1
| #define HAVE_SYS_SOCKET_H 1
| #define HAVE_SOCKLEN_T 1
| #define HAVE_SYS_SELECT_H 1
| #define HAVE_SYS_UIO_H 1
| /* end confdefs.h.  */
| #include <winsock2.h>
configure:12589: result: no
configure:12589: checking for winsock2.h
configure:12589: result: no
configure:12600: checking for library containing sethostent
configure:12631: gcc -o conftest -g -O2   conftest.c  >&5
configure:12631: $? = 0
configure:12648: result: none required
configure:12658: checking for library containing getnameinfo
configure:12689: gcc -o conftest -g -O2   conftest.c  >&5
configure:12689: $? = 0
configure:12706: result: none required
configure:12719: checking for endhostent
configure:12719: gcc -o conftest -g -O2   conftest.c  >&5
configure:12719: $? = 0
configure:12719: result: yes
configure:12719: checking for getaddrinfo
configure:12719: gcc -o conftest -g -O2   conftest.c  >&5
configure:12719: $? = 0
configure:12719: result: yes
configure:12719: checking for inet_aton
configure:12719: gcc -o conftest -g -O2   conftest.c  >&5
configure:12719: $? = 0
configure:12719: result: yes
configure:12719: checking for writev
configure:12719: gcc -o conftest -g -O2   conftest.c  >&5
configure:12719: $? = 0
configure:12719: result: yes
configure:12730: checking for struct sockaddr_storage.ss_family
configure:12730: gcc -c -g -O2  conftest.c >&5
configure:12730: $? = 0
configure:12730: result: yes
configure:12741: checking for inet_pton
configure:12741: gcc -o conftest -g -O2   conftest.c  >&5
configure:12741: $? = 0
configure:12741: result: yes
configure:12928: checking for the pthreads library -lpthreads
configure:12961: gcc -o conftest -g -O2    conftest.c -lpthreads  >&5
/usr/bin/ld: cannot find -lpthreads
collect2: error: ld returned 1 exit status
configure:12961: $? = 1
configure: failed program was:
| /* confdefs.h */
| #define PACKAGE_NAME "libshout"
| #define PACKAGE_TARNAME "libshout"
| #define PACKAGE_VERSION "2.4.5"
| #define PACKAGE_STRING "libshout 2.4.5"
| #define PACKAGE_BUGREPORT "icecast-dev@xiph.org"
| #define PACKAGE_URL ""
| #define LIBSHOUT_MAJOR 2
| #define LIBSHOUT_MINOR 4
| #define LIBSHOUT_MICRO 5
| #define PACKAGE "libshout"
| #define VERSION "2.4.5"
| #define STDC_HEADERS 1
| #define HAVE_SYS_TYPES_H 1
| #define HAVE_SYS_STAT_H 1
| #define HAVE_STDLIB_H 1
| #define HAVE_STRING_H 1
| #define HAVE_MEMORY_H 1
| #define HAVE_STRINGS_H 1
| #define HAVE_INTTYPES_H 1
| #define HAVE_STDINT_H 1
| #define HAVE_UNISTD_H 1
| #define HAVE_DLFCN_H 1
| #define LT_OBJDIR ".libs/"
| #define _XOPEN_SOURCE 600
| #define _GNU_SOURCE /**/
| #define STDC_HEADERS 1
| #define TIME_WITH_SYS_TIME 1
| #define HAVE_STRINGS_H 1
| #define HAVE_SYS_TIMEB_H 1
| #define HAVE_ARPA_INET_H 1
| #define HAVE_STDARG_H 1
| #define HAVE_INTTYPES_H 1
| #define HAVE_C99_INTTYPES 1
| #define HAVE_GETTIMEOFDAY 1
| #define HAVE_FTIME 1
| #define HAVE_STRCASESTR 1
| #define HAVE_NANOSLEEP 1
| #define HAVE_SYS_SOCKET_H 1
| #define HAVE_SOCKLEN_T 1
| #define HAVE_SYS_SELECT_H 1
| #define HAVE_SYS_UIO_H 1
| #define HAVE_SETHOSTENT 1
| #define HAVE_GETNAMEINFO 1
| #define HAVE_ENDHOSTENT 1
| #define HAVE_GETADDRINFO 1
| #define HAVE_INET_ATON 1
| #define HAVE_WRITEV 1
| #define HAVE_STRUCT_SOCKADDR_STORAGE_SS_FAMILY 1
| #define HAVE_INET_PTON 1
| /* end confdefs.h.  */
| #include <pthread.h>
| int
| main ()
| {
| pthread_t th; pthread_join(th, 0);
|                      pthread_attr_init(0); pthread_cleanup_push(0, 0);
|                      pthread_create(0,0,0,0); pthread_cleanup_pop(0);
|   ;
|   return 0;
| }
configure:12970: result: no
configure:12873: checking whether pthreads work without any flags
configure:12961: gcc -o conftest -g -O2    conftest.c   >&5
/usr/bin/ld: /tmp/ccj22Zsa.o: in function `main':
/home/pi/libshout-2.4.5/conftest.c:56: undefined reference to `pthread_join'
/usr/bin/ld: /home/pi/libshout-2.4.5/conftest.c:57: undefined reference to `__pthread_register_cancel'
/usr/bin/ld: /home/pi/libshout-2.4.5/conftest.c:58: undefined reference to `pthread_create'
/usr/bin/ld: /home/pi/libshout-2.4.5/conftest.c:58: undefined reference to `__pthread_unregister_cancel'
collect2: error: ld returned 1 exit status
configure:12961: $? = 1
configure: failed program was:
| /* confdefs.h */
| #define PACKAGE_NAME "libshout"
| #define PACKAGE_TARNAME "libshout"
| #define PACKAGE_VERSION "2.4.5"
| #define PACKAGE_STRING "libshout 2.4.5"
| #define PACKAGE_BUGREPORT "icecast-dev@xiph.org"
| #define PACKAGE_URL ""
| #define LIBSHOUT_MAJOR 2
| #define LIBSHOUT_MINOR 4
| #define LIBSHOUT_MICRO 5
| #define PACKAGE "libshout"
| #define VERSION "2.4.5"
| #define STDC_HEADERS 1
| #define HAVE_SYS_TYPES_H 1
| #define HAVE_SYS_STAT_H 1
| #define HAVE_STDLIB_H 1
| #define HAVE_STRING_H 1
| #define HAVE_MEMORY_H 1
| #define HAVE_STRINGS_H 1
| #define HAVE_INTTYPES_H 1
| #define HAVE_STDINT_H 1
| #define HAVE_UNISTD_H 1
| #define HAVE_DLFCN_H 1
| #define LT_OBJDIR ".libs/"
| #define _XOPEN_SOURCE 600
| #define _GNU_SOURCE /**/
| #define STDC_HEADERS 1
| #define TIME_WITH_SYS_TIME 1
| #define HAVE_STRINGS_H 1
| #define HAVE_SYS_TIMEB_H 1
| #define HAVE_ARPA_INET_H 1
| #define HAVE_STDARG_H 1
| #define HAVE_INTTYPES_H 1
| #define HAVE_C99_INTTYPES 1
| #define HAVE_GETTIMEOFDAY 1
| #define HAVE_FTIME 1
| #define HAVE_STRCASESTR 1
| #define HAVE_NANOSLEEP 1
| #define HAVE_SYS_SOCKET_H 1
| #define HAVE_SOCKLEN_T 1
| #define HAVE_SYS_SELECT_H 1
| #define HAVE_SYS_UIO_H 1
| #define HAVE_SETHOSTENT 1
| #define HAVE_GETNAMEINFO 1
| #define HAVE_ENDHOSTENT 1
| #define HAVE_GETADDRINFO 1
| #define HAVE_INET_ATON 1
| #define HAVE_WRITEV 1
| #define HAVE_STRUCT_SOCKADDR_STORAGE_SS_FAMILY 1
| #define HAVE_INET_PTON 1
| /* end confdefs.h.  */
| #include <pthread.h>
| int
| main ()
| {
| pthread_t th; pthread_join(th, 0);
|                      pthread_attr_init(0); pthread_cleanup_push(0, 0);
|                      pthread_create(0,0,0,0); pthread_cleanup_pop(0);
|   ;
|   return 0;
| }
configure:12970: result: no
configure:12878: checking whether pthreads work with -Kthread
configure:12961: gcc -o conftest -g -O2 -Kthread   conftest.c   >&5
gcc: error: unrecognized command-line option '-Kthread'; did you mean '-pthread'?
configure:12961: $? = 1
configure: failed program was:
| /* confdefs.h */
| #define PACKAGE_NAME "libshout"
| #define PACKAGE_TARNAME "libshout"
| #define PACKAGE_VERSION "2.4.5"
| #define PACKAGE_STRING "libshout 2.4.5"
| #define PACKAGE_BUGREPORT "icecast-dev@xiph.org"
| #define PACKAGE_URL ""
| #define LIBSHOUT_MAJOR 2
| #define LIBSHOUT_MINOR 4
| #define LIBSHOUT_MICRO 5
| #define PACKAGE "libshout"
| #define VERSION "2.4.5"
| #define STDC_HEADERS 1
| #define HAVE_SYS_TYPES_H 1
| #define HAVE_SYS_STAT_H 1
| #define HAVE_STDLIB_H 1
| #define HAVE_STRING_H 1
| #define HAVE_MEMORY_H 1
| #define HAVE_STRINGS_H 1
| #define HAVE_INTTYPES_H 1
| #define HAVE_STDINT_H 1
| #define HAVE_UNISTD_H 1
| #define HAVE_DLFCN_H 1
| #define LT_OBJDIR ".libs/"
| #define _XOPEN_SOURCE 600
| #define _GNU_SOURCE /**/
| #define STDC_HEADERS 1
| #define TIME_WITH_SYS_TIME 1
| #define HAVE_STRINGS_H 1
| #define HAVE_SYS_TIMEB_H 1
| #define HAVE_ARPA_INET_H 1
| #define HAVE_STDARG_H 1
| #define HAVE_INTTYPES_H 1
| #define HAVE_C99_INTTYPES 1
| #define HAVE_GETTIMEOFDAY 1
| #define HAVE_FTIME 1
| #define HAVE_STRCASESTR 1
| #define HAVE_NANOSLEEP 1
| #define HAVE_SYS_SOCKET_H 1
| #define HAVE_SOCKLEN_T 1
| #define HAVE_SYS_SELECT_H 1
| #define HAVE_SYS_UIO_H 1
| #define HAVE_SETHOSTENT 1
| #define HAVE_GETNAMEINFO 1
| #define HAVE_ENDHOSTENT 1
| #define HAVE_GETADDRINFO 1
| #define HAVE_INET_ATON 1
| #define HAVE_WRITEV 1
| #define HAVE_STRUCT_SOCKADDR_STORAGE_SS_FAMILY 1
| #define HAVE_INET_PTON 1
| /* end confdefs.h.  */
| #include <pthread.h>
| int
| main ()
| {
| pthread_t th; pthread_join(th, 0);
|                      pthread_attr_init(0); pthread_cleanup_push(0, 0);
|                      pthread_create(0,0,0,0); pthread_cleanup_pop(0);
|   ;
|   return 0;
| }
configure:12970: result: no
configure:12878: checking whether pthreads work with -kthread
configure:12961: gcc -o conftest -g -O2 -kthread   conftest.c   >&5
gcc: error: unrecognized command-line option '-kthread'; did you mean '-pthread'?
configure:12961: $? = 1
configure: failed program was:
| /* confdefs.h */
| #define PACKAGE_NAME "libshout"
| #define PACKAGE_TARNAME "libshout"
| #define PACKAGE_VERSION "2.4.5"
| #define PACKAGE_STRING "libshout 2.4.5"
| #define PACKAGE_BUGREPORT "icecast-dev@xiph.org"
| #define PACKAGE_URL ""
| #define LIBSHOUT_MAJOR 2
| #define LIBSHOUT_MINOR 4
| #define LIBSHOUT_MICRO 5
| #define PACKAGE "libshout"
| #define VERSION "2.4.5"
| #define STDC_HEADERS 1
| #define HAVE_SYS_TYPES_H 1
| #define HAVE_SYS_STAT_H 1
| #define HAVE_STDLIB_H 1
| #define HAVE_STRING_H 1
| #define HAVE_MEMORY_H 1
| #define HAVE_STRINGS_H 1
| #define HAVE_INTTYPES_H 1
| #define HAVE_STDINT_H 1
| #define HAVE_UNISTD_H 1
| #define HAVE_DLFCN_H 1
| #define LT_OBJDIR ".libs/"
| #define _XOPEN_SOURCE 600
| #define _GNU_SOURCE /**/
| #define STDC_HEADERS 1
| #define TIME_WITH_SYS_TIME 1
| #define HAVE_STRINGS_H 1
| #define HAVE_SYS_TIMEB_H 1
| #define HAVE_ARPA_INET_H 1
| #define HAVE_STDARG_H 1
| #define HAVE_INTTYPES_H 1
| #define HAVE_C99_INTTYPES 1
| #define HAVE_GETTIMEOFDAY 1
| #define HAVE_FTIME 1
| #define HAVE_STRCASESTR 1
| #define HAVE_NANOSLEEP 1
| #define HAVE_SYS_SOCKET_H 1
| #define HAVE_SOCKLEN_T 1
| #define HAVE_SYS_SELECT_H 1
| #define HAVE_SYS_UIO_H 1
| #define HAVE_SETHOSTENT 1
| #define HAVE_GETNAMEINFO 1
| #define HAVE_ENDHOSTENT 1
| #define HAVE_GETADDRINFO 1
| #define HAVE_INET_ATON 1
| #define HAVE_WRITEV 1
| #define HAVE_STRUCT_SOCKADDR_STORAGE_SS_FAMILY 1
| #define HAVE_INET_PTON 1
| /* end confdefs.h.  */
| #include <pthread.h>
| int
| main ()
| {
| pthread_t th; pthread_join(th, 0);
|                      pthread_attr_init(0); pthread_cleanup_push(0, 0);
|                      pthread_create(0,0,0,0); pthread_cleanup_pop(0);
|   ;
|   return 0;
| }
configure:12970: result: no
configure:12928: checking for the pthreads library -llthread
configure:12961: gcc -o conftest -g -O2    conftest.c -llthread  >&5
/usr/bin/ld: cannot find -llthread
collect2: error: ld returned 1 exit status
configure:12961: $? = 1
configure: failed program was:
| /* confdefs.h */
| #define PACKAGE_NAME "libshout"
| #define PACKAGE_TARNAME "libshout"
| #define PACKAGE_VERSION "2.4.5"
| #define PACKAGE_STRING "libshout 2.4.5"
| #define PACKAGE_BUGREPORT "icecast-dev@xiph.org"
| #define PACKAGE_URL ""
| #define LIBSHOUT_MAJOR 2
| #define LIBSHOUT_MINOR 4
| #define LIBSHOUT_MICRO 5
| #define PACKAGE "libshout"
| #define VERSION "2.4.5"
| #define STDC_HEADERS 1
| #define HAVE_SYS_TYPES_H 1
| #define HAVE_SYS_STAT_H 1
| #define HAVE_STDLIB_H 1
| #define HAVE_STRING_H 1
| #define HAVE_MEMORY_H 1
| #define HAVE_STRINGS_H 1
| #define HAVE_INTTYPES_H 1
| #define HAVE_STDINT_H 1
| #define HAVE_UNISTD_H 1
| #define HAVE_DLFCN_H 1
| #define LT_OBJDIR ".libs/"
| #define _XOPEN_SOURCE 600
| #define _GNU_SOURCE /**/
| #define STDC_HEADERS 1
| #define TIME_WITH_SYS_TIME 1
| #define HAVE_STRINGS_H 1
| #define HAVE_SYS_TIMEB_H 1
| #define HAVE_ARPA_INET_H 1
| #define HAVE_STDARG_H 1
| #define HAVE_INTTYPES_H 1
| #define HAVE_C99_INTTYPES 1
| #define HAVE_GETTIMEOFDAY 1
| #define HAVE_FTIME 1
| #define HAVE_STRCASESTR 1
| #define HAVE_NANOSLEEP 1
| #define HAVE_SYS_SOCKET_H 1
| #define HAVE_SOCKLEN_T 1
| #define HAVE_SYS_SELECT_H 1
| #define HAVE_SYS_UIO_H 1
| #define HAVE_SETHOSTENT 1
| #define HAVE_GETNAMEINFO 1
| #define HAVE_ENDHOSTENT 1
| #define HAVE_GETADDRINFO 1
| #define HAVE_INET_ATON 1
| #define HAVE_WRITEV 1
| #define HAVE_STRUCT_SOCKADDR_STORAGE_SS_FAMILY 1
| #define HAVE_INET_PTON 1
| /* end confdefs.h.  */
| #include <pthread.h>
| int
| main ()
| {
| pthread_t th; pthread_join(th, 0);
|                      pthread_attr_init(0); pthread_cleanup_push(0, 0);
|                      pthread_create(0,0,0,0); pthread_cleanup_pop(0);
|   ;
|   return 0;
| }
configure:12970: result: no
configure:12878: checking whether pthreads work with -pthread
configure:12961: gcc -o conftest -g -O2 -pthread   conftest.c   >&5
configure:12961: $? = 0
configure:12970: result: yes
configure:12989: checking for joinable pthread attribute
configure:13004: gcc -o conftest -g -O2 -pthread   conftest.c   >&5
configure:13004: $? = 0
configure:13010: result: PTHREAD_CREATE_JOINABLE
configure:13020: checking if more special flags are required for pthreads
configure:13027: result: no
configure:13035: checking for pthread_spin_lock
configure:13035: gcc -o conftest -g -O2 -pthread   conftest.c   >&5
configure:13035: $? = 0
configure:13035: result: yes
configure:13195: checking for pkg-config
configure:13213: found /usr/bin/pkg-config
configure:13225: result: /usr/bin/pkg-config
configure:13250: checking pkg-config is at least version 0.9.0
configure:13253: result: yes
configure:13263: checking for OGG
configure:13270: $PKG_CONFIG --exists --print-errors "ogg"
configure:13273: $? = 0
configure:13287: $PKG_CONFIG --exists --print-errors "ogg"
configure:13290: $? = 0
configure:13596: result: yes
configure:13608: checking for VORBIS
configure:13615: $PKG_CONFIG --exists --print-errors "vorbis"
configure:13618: $? = 0
configure:13632: $PKG_CONFIG --exists --print-errors "vorbis"
configure:13635: $? = 0
configure:14019: result: yes
configure:14038: checking for THEORA
configure:14045: $PKG_CONFIG --exists --print-errors "theora"
Package theora was not found in the pkg-config search path.
Perhaps you should add the directory containing `theora.pc'
to the PKG_CONFIG_PATH environment variable
No package 'theora' found
configure:14048: $? = 1
configure:14062: $PKG_CONFIG --exists --print-errors "theora"
Package theora was not found in the pkg-config search path.
Perhaps you should add the directory containing `theora.pc'
to the PKG_CONFIG_PATH environment variable
No package 'theora' found
configure:14065: $? = 1
configure:14079: result: no
No package 'theora' found
configure:14143: gcc -c -Werror -I/usr/local/include  conftest.c >&5
configure:14143: $? = 0
configure:14168: checking for libtheora
configure:14188: gcc -o conftest -g -O2   -L/usr/local/lib  conftest.c   -ltheora -logg >&5
/usr/bin/ld: cannot find -ltheora
collect2: error: ld returned 1 exit status
configure:14188: $? = 1
configure: failed program was:
| /* confdefs.h */
| #define PACKAGE_NAME "libshout"
| #define PACKAGE_TARNAME "libshout"
| #define PACKAGE_VERSION "2.4.5"
| #define PACKAGE_STRING "libshout 2.4.5"
| #define PACKAGE_BUGREPORT "icecast-dev@xiph.org"
| #define PACKAGE_URL ""
| #define LIBSHOUT_MAJOR 2
| #define LIBSHOUT_MINOR 4
| #define LIBSHOUT_MICRO 5
| #define PACKAGE "libshout"
| #define VERSION "2.4.5"
| #define STDC_HEADERS 1
| #define HAVE_SYS_TYPES_H 1
| #define HAVE_SYS_STAT_H 1
| #define HAVE_STDLIB_H 1
| #define HAVE_STRING_H 1
| #define HAVE_MEMORY_H 1
| #define HAVE_STRINGS_H 1
| #define HAVE_INTTYPES_H 1
| #define HAVE_STDINT_H 1
| #define HAVE_UNISTD_H 1
| #define HAVE_DLFCN_H 1
| #define LT_OBJDIR ".libs/"
| #define _XOPEN_SOURCE 600
| #define _GNU_SOURCE /**/
| #define STDC_HEADERS 1
| #define TIME_WITH_SYS_TIME 1
| #define HAVE_STRINGS_H 1
| #define HAVE_SYS_TIMEB_H 1
| #define HAVE_ARPA_INET_H 1
| #define HAVE_STDARG_H 1
| #define HAVE_INTTYPES_H 1
| #define HAVE_C99_INTTYPES 1
| #define HAVE_GETTIMEOFDAY 1
| #define HAVE_FTIME 1
| #define HAVE_STRCASESTR 1
| #define HAVE_NANOSLEEP 1
| #define HAVE_SYS_SOCKET_H 1
| #define HAVE_SOCKLEN_T 1
| #define HAVE_SYS_SELECT_H 1
| #define HAVE_SYS_UIO_H 1
| #define HAVE_SETHOSTENT 1
| #define HAVE_GETNAMEINFO 1
| #define HAVE_ENDHOSTENT 1
| #define HAVE_GETADDRINFO 1
| #define HAVE_INET_ATON 1
| #define HAVE_WRITEV 1
| #define HAVE_STRUCT_SOCKADDR_STORAGE_SS_FAMILY 1
| #define HAVE_INET_PTON 1
| #define HAVE_PTHREAD_SPIN_LOCK 1
| /* end confdefs.h.  */
| 
| /* Override any GCC internal prototype to avoid an error.
|    Use char because int might match the return type of a GCC
|    builtin and then its argument prototype would still apply.  */
| #ifdef __cplusplus
| extern "C"
| #endif
| char theora_decode_header ();
| int
| main ()
| {
| return theora_decode_header ();
|   ;
|   return 0;
| }
configure:14239: result: Not found
configure:14241: WARNING: Theora library not found, disabling
configure:14471: checking for SPEEX
configure:14478: $PKG_CONFIG --exists --print-errors "speex"
Package speex was not found in the pkg-config search path.
Perhaps you should add the directory containing `speex.pc'
to the PKG_CONFIG_PATH environment variable
No package 'speex' found
configure:14481: $? = 1
configure:14495: $PKG_CONFIG --exists --print-errors "speex"
Package speex was not found in the pkg-config search path.
Perhaps you should add the directory containing `speex.pc'
to the PKG_CONFIG_PATH environment variable
No package 'speex' found
configure:14498: $? = 1
configure:14512: result: no
No package 'speex' found
configure:14575: gcc -c -Werror -I/usr/local/include  conftest.c >&5
configure:14575: $? = 0
configure:14601: checking for libspeex
configure:14621: gcc -o conftest -g -O2   -L/usr/local/lib  conftest.c   -lspeex >&5
/usr/bin/ld: cannot find -lspeex
collect2: error: ld returned 1 exit status
configure:14621: $? = 1
configure: failed program was:
| /* confdefs.h */
| #define PACKAGE_NAME "libshout"
| #define PACKAGE_TARNAME "libshout"
| #define PACKAGE_VERSION "2.4.5"
| #define PACKAGE_STRING "libshout 2.4.5"
| #define PACKAGE_BUGREPORT "icecast-dev@xiph.org"
| #define PACKAGE_URL ""
| #define LIBSHOUT_MAJOR 2
| #define LIBSHOUT_MINOR 4
| #define LIBSHOUT_MICRO 5
| #define PACKAGE "libshout"
| #define VERSION "2.4.5"
| #define STDC_HEADERS 1
| #define HAVE_SYS_TYPES_H 1
| #define HAVE_SYS_STAT_H 1
| #define HAVE_STDLIB_H 1
| #define HAVE_STRING_H 1
| #define HAVE_MEMORY_H 1
| #define HAVE_STRINGS_H 1
| #define HAVE_INTTYPES_H 1
| #define HAVE_STDINT_H 1
| #define HAVE_UNISTD_H 1
| #define HAVE_DLFCN_H 1
| #define LT_OBJDIR ".libs/"
| #define _XOPEN_SOURCE 600
| #define _GNU_SOURCE /**/
| #define STDC_HEADERS 1
| #define TIME_WITH_SYS_TIME 1
| #define HAVE_STRINGS_H 1
| #define HAVE_SYS_TIMEB_H 1
| #define HAVE_ARPA_INET_H 1
| #define HAVE_STDARG_H 1
| #define HAVE_INTTYPES_H 1
| #define HAVE_C99_INTTYPES 1
| #define HAVE_GETTIMEOFDAY 1
| #define HAVE_FTIME 1
| #define HAVE_STRCASESTR 1
| #define HAVE_NANOSLEEP 1
| #define HAVE_SYS_SOCKET_H 1
| #define HAVE_SOCKLEN_T 1
| #define HAVE_SYS_SELECT_H 1
| #define HAVE_SYS_UIO_H 1
| #define HAVE_SETHOSTENT 1
| #define HAVE_GETNAMEINFO 1
| #define HAVE_ENDHOSTENT 1
| #define HAVE_GETADDRINFO 1
| #define HAVE_INET_ATON 1
| #define HAVE_WRITEV 1
| #define HAVE_STRUCT_SOCKADDR_STORAGE_SS_FAMILY 1
| #define HAVE_INET_PTON 1
| #define HAVE_PTHREAD_SPIN_LOCK 1
| /* end confdefs.h.  */
| 
| /* Override any GCC internal prototype to avoid an error.
|    Use char because int might match the return type of a GCC
|    builtin and then its argument prototype would still apply.  */
| #ifdef __cplusplus
| extern "C"
| #endif
| char ogg_stream_init ();
| int
| main ()
| {
| return ogg_stream_init ();
|   ;
|   return 0;
| }
configure:14644: gcc -o conftest -g -O2   -L/usr/local/lib  conftest.c   -lspeex  -L/usr/local/lib -logg >&5
/usr/bin/ld: cannot find -lspeex
collect2: error: ld returned 1 exit status
configure:14644: $? = 1
configure: failed program was:
| /* confdefs.h */
| #define PACKAGE_NAME "libshout"
| #define PACKAGE_TARNAME "libshout"
| #define PACKAGE_VERSION "2.4.5"
| #define PACKAGE_STRING "libshout 2.4.5"
| #define PACKAGE_BUGREPORT "icecast-dev@xiph.org"
| #define PACKAGE_URL ""
| #define LIBSHOUT_MAJOR 2
| #define LIBSHOUT_MINOR 4
| #define LIBSHOUT_MICRO 5
| #define PACKAGE "libshout"
| #define VERSION "2.4.5"
| #define STDC_HEADERS 1
| #define HAVE_SYS_TYPES_H 1
| #define HAVE_SYS_STAT_H 1
| #define HAVE_STDLIB_H 1
| #define HAVE_STRING_H 1
| #define HAVE_MEMORY_H 1
| #define HAVE_STRINGS_H 1
| #define HAVE_INTTYPES_H 1
| #define HAVE_STDINT_H 1
| #define HAVE_UNISTD_H 1
| #define HAVE_DLFCN_H 1
| #define LT_OBJDIR ".libs/"
| #define _XOPEN_SOURCE 600
| #define _GNU_SOURCE /**/
| #define STDC_HEADERS 1
| #define TIME_WITH_SYS_TIME 1
| #define HAVE_STRINGS_H 1
| #define HAVE_SYS_TIMEB_H 1
| #define HAVE_ARPA_INET_H 1
| #define HAVE_STDARG_H 1
| #define HAVE_INTTYPES_H 1
| #define HAVE_C99_INTTYPES 1
| #define HAVE_GETTIMEOFDAY 1
| #define HAVE_FTIME 1
| #define HAVE_STRCASESTR 1
| #define HAVE_NANOSLEEP 1
| #define HAVE_SYS_SOCKET_H 1
| #define HAVE_SOCKLEN_T 1
| #define HAVE_SYS_SELECT_H 1
| #define HAVE_SYS_UIO_H 1
| #define HAVE_SETHOSTENT 1
| #define HAVE_GETNAMEINFO 1
| #define HAVE_ENDHOSTENT 1
| #define HAVE_GETADDRINFO 1
| #define HAVE_INET_ATON 1
| #define HAVE_WRITEV 1
| #define HAVE_STRUCT_SOCKADDR_STORAGE_SS_FAMILY 1
| #define HAVE_INET_PTON 1
| #define HAVE_PTHREAD_SPIN_LOCK 1
| /* end confdefs.h.  */
| 
| /* Override any GCC internal prototype to avoid an error.
|    Use char because int might match the return type of a GCC
|    builtin and then its argument prototype would still apply.  */
| #ifdef __cplusplus
| extern "C"
| #endif
| char ogg_stream_init ();
| int
| main ()
| {
| return ogg_stream_init ();
|   ;
|   return 0;
| }
configure:14689: WARNING: Speex library not found, disabling
configure:14943: checking for pkg-config
configure:14959: found /usr/bin/pkg-config
configure:14971: result: yes
configure:15021: checking for pkg-config
configure:15039: found /usr/bin/pkg-config
configure:15052: result: /usr/bin/pkg-config
configure:15090: gcc -o conftest -g -O2    conftest.c -lssl -lcrypto   >&5
configure:15090: $? = 0
configure:15226: gcc -c -Werror -I/usr/local/include  conftest.c >&5
configure:15226: $? = 0
configure:15527: checking that generated files are newer than configure
configure:15533: result: done
configure:15584: creating ./config.status

## ---------------------- ##
## Running config.status. ##
## ---------------------- ##

This file was extended by libshout config.status 2.4.5, which was
generated by GNU Autoconf 2.69.  Invocation command line was

  CONFIG_FILES    = 
  CONFIG_HEADERS  = 
  CONFIG_LINKS    = 
  CONFIG_COMMANDS = 
  $ ./config.status 

on NA-Internet-In-A-Box

config.status:1180: creating Makefile
config.status:1180: creating include/Makefile
config.status:1180: creating include/shout/Makefile
config.status:1180: creating include/shout/shout.h
config.status:1180: creating src/Makefile
config.status:1180: creating src/common/net/Makefile
config.status:1180: creating src/common/timing/Makefile
config.status:1180: creating src/common/thread/Makefile
config.status:1180: creating src/common/avl/Makefile
config.status:1180: creating src/common/httpp/Makefile
config.status:1180: creating doc/Makefile
config.status:1180: creating tools/Makefile
config.status:1180: creating examples/Makefile
config.status:1180: creating win32/Makefile
config.status:1180: creating shout.pc
config.status:1180: creating config.h
config.status:1409: executing depfiles commands
config.status:1409: executing libtool commands

## ---------------- ##
## Cache variables. ##
## ---------------- ##

ac_cv_build=armv7l-unknown-linux-gnueabihf
ac_cv_c_compiler_gnu=yes
ac_cv_c_const=yes
ac_cv_c_inline=inline
ac_cv_env_CC_set=
ac_cv_env_CC_value=
ac_cv_env_CFLAGS_set=
ac_cv_env_CFLAGS_value=
ac_cv_env_CPPFLAGS_set=
ac_cv_env_CPPFLAGS_value=
ac_cv_env_CPP_set=
ac_cv_env_CPP_value=
ac_cv_env_LDFLAGS_set=
ac_cv_env_LDFLAGS_value=
ac_cv_env_LIBS_set=
ac_cv_env_LIBS_value=
ac_cv_env_OGG_CFLAGS_set=
ac_cv_env_OGG_CFLAGS_value=
ac_cv_env_OGG_LIBS_set=
ac_cv_env_OGG_LIBS_value=
ac_cv_env_OGG_PREFIX_set=
ac_cv_env_OGG_PREFIX_value=
ac_cv_env_PKG_CONFIG_LIBDIR_set=
ac_cv_env_PKG_CONFIG_LIBDIR_value=
ac_cv_env_PKG_CONFIG_PATH_set=
ac_cv_env_PKG_CONFIG_PATH_value=
ac_cv_env_PKG_CONFIG_set=
ac_cv_env_PKG_CONFIG_value=
ac_cv_env_SPEEX_CFLAGS_set=
ac_cv_env_SPEEX_CFLAGS_value=
ac_cv_env_SPEEX_LIBS_set=
ac_cv_env_SPEEX_LIBS_value=
ac_cv_env_SPEEX_set=
ac_cv_env_SPEEX_value=
ac_cv_env_THEORA_CFLAGS_set=
ac_cv_env_THEORA_CFLAGS_value=
ac_cv_env_THEORA_LIBS_set=
ac_cv_env_THEORA_LIBS_value=
ac_cv_env_THEORA_set=
ac_cv_env_THEORA_value=
ac_cv_env_VORBIS_CFLAGS_set=
ac_cv_env_VORBIS_CFLAGS_value=
ac_cv_env_VORBIS_LIBS_set=
ac_cv_env_VORBIS_LIBS_value=
ac_cv_env_VORBIS_PREFIX_set=
ac_cv_env_VORBIS_PREFIX_value=
ac_cv_env_build_alias_set=
ac_cv_env_build_alias_value=
ac_cv_env_host_alias_set=
ac_cv_env_host_alias_value=
ac_cv_env_target_alias_set=
ac_cv_env_target_alias_value=
ac_cv_func_endhostent=yes
ac_cv_func_ftime=yes
ac_cv_func_getaddrinfo=yes
ac_cv_func_gettimeofday=yes
ac_cv_func_inet_aton=yes
ac_cv_func_inet_pton=yes
ac_cv_func_pthread_spin_lock=yes
ac_cv_func_strcasestr=yes
ac_cv_func_writev=yes
ac_cv_header_arpa_inet_h=yes
ac_cv_header_dlfcn_h=yes
ac_cv_header_inttypes_h=yes
ac_cv_header_memory_h=yes
ac_cv_header_stdarg_h=yes
ac_cv_header_stdc=yes
ac_cv_header_stdint_h=yes
ac_cv_header_stdlib_h=yes
ac_cv_header_string_h=yes
ac_cv_header_strings_h=yes
ac_cv_header_sys_select_h=yes
ac_cv_header_sys_socket_h=yes
ac_cv_header_sys_stat_h=yes
ac_cv_header_sys_timeb_h=yes
ac_cv_header_sys_types_h=yes
ac_cv_header_sys_uio_h=yes
ac_cv_header_time=yes
ac_cv_header_unistd_h=yes
ac_cv_header_winsock2_h=no
ac_cv_host=armv7l-unknown-linux-gnueabihf
ac_cv_member_struct_sockaddr_storage_ss_family=yes
ac_cv_objext=o
ac_cv_path_EGREP='/usr/bin/grep -E'
ac_cv_path_FGREP='/usr/bin/grep -F'
ac_cv_path_GREP=/usr/bin/grep
ac_cv_path_PKGCONFIG=/usr/bin/pkg-config
ac_cv_path_SED=/usr/bin/sed
ac_cv_path_ac_pt_PKG_CONFIG=/usr/bin/pkg-config
ac_cv_path_install='/usr/bin/install -c'
ac_cv_path_mkdir=/usr/bin/mkdir
ac_cv_prog_AWK=mawk
ac_cv_prog_CPP='gcc -E'
ac_cv_prog_PKGCONFIG=yes
ac_cv_prog_ac_ct_AR=ar
ac_cv_prog_ac_ct_CC=gcc
ac_cv_prog_ac_ct_MANIFEST_TOOL=mt
ac_cv_prog_ac_ct_OBJDUMP=objdump
ac_cv_prog_ac_ct_RANLIB=ranlib
ac_cv_prog_ac_ct_STRIP=strip
ac_cv_prog_cc_c89=
ac_cv_prog_cc_g=yes
ac_cv_prog_make_make_set=yes
ac_cv_search_getnameinfo='none required'
ac_cv_search_nanosleep='none required'
ac_cv_search_sethostent='none required'
ac_cv_type_socklen_t=yes
ac_cv_type_uint32_t=yes
am_cv_CC_dependencies_compiler_type=gcc3
am_cv_make_support_nested_variables=yes
am_cv_prog_cc_c_o=yes
lt_cv_ar_at_file=@
lt_cv_archive_cmds_need_lc=no
lt_cv_deplibs_check_method=pass_all
lt_cv_file_magic_cmd='$MAGIC_CMD'
lt_cv_file_magic_test_file=
lt_cv_ld_reload_flag=-r
lt_cv_nm_interface='BSD nm'
lt_cv_objdir=.libs
lt_cv_path_LD=/usr/bin/ld
lt_cv_path_NM='/usr/bin/nm -B'
lt_cv_path_mainfest_tool=no
lt_cv_prog_compiler_c_o=yes
lt_cv_prog_compiler_pic='-fPIC -DPIC'
lt_cv_prog_compiler_pic_works=yes
lt_cv_prog_compiler_rtti_exceptions=no
lt_cv_prog_compiler_static_works=yes
lt_cv_prog_gnu_ld=yes
lt_cv_sharedlib_from_linklib_cmd='printf %s\n'
lt_cv_shlibpath_overrides_runpath=yes
lt_cv_sys_global_symbol_pipe='sed -n -e '\''s/^.*[	 ]\([ABCDGIRSTW][ABCDGIRSTW]*\)[	 ][	 ]*\([_A-Za-z][_A-Za-z0-9]*\)$/\1 \2 \2/p'\'' | sed '\''/ __gnu_lto/d'\'''
lt_cv_sys_global_symbol_to_c_name_address='sed -n -e '\''s/^: \([^ ]*\)[ ]*$/  {\"\1\", (void *) 0},/p'\'' -e '\''s/^[ABCDGIRSTW]* \([^ ]*\) \([^ ]*\)$/  {"\2", (void *) \&\2},/p'\'''
lt_cv_sys_global_symbol_to_c_name_address_lib_prefix='sed -n -e '\''s/^: \([^ ]*\)[ ]*$/  {\"\1\", (void *) 0},/p'\'' -e '\''s/^[ABCDGIRSTW]* \([^ ]*\) \(lib[^ ]*\)$/  {"\2", (void *) \&\2},/p'\'' -e '\''s/^[ABCDGIRSTW]* \([^ ]*\) \([^ ]*\)$/  {"lib\2", (void *) \&\2},/p'\'''
lt_cv_sys_global_symbol_to_cdecl='sed -n -e '\''s/^T .* \(.*\)$/extern int \1();/p'\'' -e '\''s/^[ABCDGIRSTW]* .* \(.*\)$/extern char \1;/p'\'''
lt_cv_sys_max_cmd_len=1572864
lt_cv_to_host_file_cmd=func_convert_file_noop
lt_cv_to_tool_file_cmd=func_convert_file_noop
pkg_cv_OGG_CFLAGS=-I/usr/local/include
pkg_cv_OGG_LIBS='-L/usr/local/lib -logg'
pkg_cv_VORBIS_CFLAGS=-I/usr/local/include
pkg_cv_VORBIS_LIBS='-L/usr/local/lib -lvorbis'

## ----------------- ##
## Output variables. ##
## ----------------- ##

ACLOCAL='${SHELL} /home/pi/libshout-2.4.5/missing aclocal-1.14'
AMDEPBACKSLASH='\'
AMDEP_FALSE='#'
AMDEP_TRUE=''
AMTAR='$${TAR-tar}'
AM_BACKSLASH='\'
AM_DEFAULT_V='$(AM_DEFAULT_VERBOSITY)'
AM_DEFAULT_VERBOSITY='1'
AM_V='$(V)'
AR='ar'
AUTOCONF='${SHELL} /home/pi/libshout-2.4.5/missing autoconf'
AUTOHEADER='${SHELL} /home/pi/libshout-2.4.5/missing autoheader'
AUTOMAKE='${SHELL} /home/pi/libshout-2.4.5/missing automake-1.14'
AWK='mawk'
CC='gcc'
CCDEPMODE='depmode=gcc3'
CFLAGS='-g -O2'
CPP='gcc -E'
CPPFLAGS=''
CYGPATH_W='echo'
DEBUG='-g'
DEFS='-DHAVE_CONFIG_H'
DEPDIR='.deps'
DLLTOOL='false'
DSYMUTIL=''
DUMPBIN=''
ECHO_C=''
ECHO_N='-n'
ECHO_T=''
EGREP='/usr/bin/grep -E'
EXEEXT=''
FGREP='/usr/bin/grep -F'
GREP='/usr/bin/grep'
HAVE_EXAMPLES_FALSE='#'
HAVE_EXAMPLES_TRUE=''
HAVE_PKGCONFIG_FALSE='#'
HAVE_PKGCONFIG_TRUE=''
HAVE_SPEEX_FALSE=''
HAVE_SPEEX_TRUE='#'
HAVE_THEORA_FALSE=''
HAVE_THEORA_TRUE='#'
HAVE_THREAD_FALSE='#'
HAVE_THREAD_TRUE=''
HAVE_TLS_FALSE='#'
HAVE_TLS_TRUE=''
INSTALL_DATA='${INSTALL} -m 644'
INSTALL_PROGRAM='${INSTALL}'
INSTALL_SCRIPT='${INSTALL}'
INSTALL_STRIP_PROGRAM='$(install_sh) -c -s'
LD='/usr/bin/ld'
LDFLAGS=''
LIBOBJS=''
LIBS=' '
LIBTOOL='$(SHELL) $(top_builddir)/libtool'
LIBTOOL_DEPS='./ltmain.sh'
LIPO=''
LN_S='ln -s'
LTLIBOBJS=''
MAINT='#'
MAINTAINER_MODE_FALSE=''
MAINTAINER_MODE_TRUE='#'
MAKEINFO='${SHELL} /home/pi/libshout-2.4.5/missing makeinfo'
MANIFEST_TOOL=':'
MKDIR_P='/usr/bin/mkdir -p'
NM='/usr/bin/nm -B'
NMEDIT=''
OBJDUMP='objdump'
OBJEXT='o'
OGG_CFLAGS='-I/usr/local/include'
OGG_LDFLAGS=''
OGG_LIBS=' -L/usr/local/lib -logg'
OGG_PREFIX=''
OPT=''
OTOOL64=''
OTOOL=''
PACKAGE='libshout'
PACKAGE_BUGREPORT='icecast-dev@xiph.org'
PACKAGE_NAME='libshout'
PACKAGE_STRING='libshout 2.4.5'
PACKAGE_TARNAME='libshout'
PACKAGE_URL=''
PACKAGE_VERSION='2.4.5'
PATH_SEPARATOR=':'
PKGCONFIG='/usr/bin/pkg-config'
PKG_CONFIG='/usr/bin/pkg-config'
PKG_CONFIG_LIBDIR=''
PKG_CONFIG_PATH=''
PROFILE='-pg -g'
PTHREAD_CC='gcc'
PTHREAD_CFLAGS='-pthread'
PTHREAD_CPPFLAGS=''
PTHREAD_LIBS=''
RANLIB='ranlib'
SED='/usr/bin/sed'
SET_MAKE=''
SHELL='/bin/bash'
SHOUT_CFLAGS=' -pthread'
SHOUT_CPPFLAGS=' -I/usr/local/include'
SHOUT_LIBDEPS=' -L/usr/local/lib -lvorbis -lssl -lcrypto'
SHOUT_REQUIRES=', ogg, vorbis, libssl'
SHOUT_THREADSAFE='1'
SHOUT_TLS='1'
SPEEX=''
SPEEX_CFLAGS=''
SPEEX_LDFLAGS=''
SPEEX_LIBS=''
STRIP='strip'
THEORA=''
THEORA_CFLAGS=''
THEORA_LDFLAGS=''
THEORA_LIBS=''
VERSION='2.4.5'
VORBISENC_LIBS=''
VORBISFILE_LIBS=''
VORBIS_CFLAGS='-I/usr/local/include'
VORBIS_LDFLAGS=''
VORBIS_LIBS=' -L/usr/local/lib -lvorbis'
VORBIS_PREFIX=''
XIPH_CFLAGS='-Wall -ffast-math -fsigned-char -pthread  -I/usr/local/include -I/usr/local/include'
XIPH_CPPFLAGS=''
XIPH_LIBS=' -lssl -lcrypto   '
ac_ct_AR='ar'
ac_ct_CC='gcc'
ac_ct_DUMPBIN=''
acx_pthread_config=''
am__EXEEXT_FALSE=''
am__EXEEXT_TRUE='#'
am__fastdepCC_FALSE='#'
am__fastdepCC_TRUE=''
am__include='include'
am__isrc=''
am__leading_dot='.'
am__nodep='_no'
am__quote=''
am__tar='$${TAR-tar} chof - "$$tardir"'
am__untar='$${TAR-tar} xf -'
bindir='${exec_prefix}/bin'
build='armv7l-unknown-linux-gnueabihf'
build_alias=''
build_cpu='armv7l'
build_os='linux-gnueabihf'
build_vendor='unknown'
datadir='${datarootdir}'
datarootdir='${prefix}/share'
docdir='${datarootdir}/doc/${PACKAGE_TARNAME}'
dvidir='${docdir}'
exec_prefix='${prefix}'
host='armv7l-unknown-linux-gnueabihf'
host_alias=''
host_cpu='armv7l'
host_os='linux-gnueabihf'
host_vendor='unknown'
htmldir='${docdir}'
includedir='${prefix}/include'
infodir='${datarootdir}/info'
install_sh='${SHELL} /home/pi/libshout-2.4.5/install-sh'
libdir='${exec_prefix}/lib'
libexecdir='${exec_prefix}/libexec'
localedir='${datarootdir}/locale'
localstatedir='${prefix}/var'
mandir='${datarootdir}/man'
mkdir_p='$(MKDIR_P)'
oldincludedir='/usr/include'
pdfdir='${docdir}'
prefix='/usr/local'
program_transform_name='s,x,x,'
psdir='${docdir}'
sbindir='${exec_prefix}/sbin'
sharedstatedir='${prefix}/com'
sysconfdir='${prefix}/etc'
target_alias=''

## ----------- ##
## confdefs.h. ##
## ----------- ##

/* confdefs.h */
#define PACKAGE_NAME "libshout"
#define PACKAGE_TARNAME "libshout"
#define PACKAGE_VERSION "2.4.5"
#define PACKAGE_STRING "libshout 2.4.5"
#define PACKAGE_BUGREPORT "icecast-dev@xiph.org"
#define PACKAGE_URL ""
#define LIBSHOUT_MAJOR 2
#define LIBSHOUT_MINOR 4
#define LIBSHOUT_MICRO 5
#define PACKAGE "libshout"
#define VERSION "2.4.5"
#define STDC_HEADERS 1
#define HAVE_SYS_TYPES_H 1
#define HAVE_SYS_STAT_H 1
#define HAVE_STDLIB_H 1
#define HAVE_STRING_H 1
#define HAVE_MEMORY_H 1
#define HAVE_STRINGS_H 1
#define HAVE_INTTYPES_H 1
#define HAVE_STDINT_H 1
#define HAVE_UNISTD_H 1
#define HAVE_DLFCN_H 1
#define LT_OBJDIR ".libs/"
#define _XOPEN_SOURCE 600
#define _GNU_SOURCE /**/
#define STDC_HEADERS 1
#define TIME_WITH_SYS_TIME 1
#define HAVE_STRINGS_H 1
#define HAVE_SYS_TIMEB_H 1
#define HAVE_ARPA_INET_H 1
#define HAVE_STDARG_H 1
#define HAVE_INTTYPES_H 1
#define HAVE_C99_INTTYPES 1
#define HAVE_GETTIMEOFDAY 1
#define HAVE_FTIME 1
#define HAVE_STRCASESTR 1
#define HAVE_NANOSLEEP 1
#define HAVE_SYS_SOCKET_H 1
#define HAVE_SOCKLEN_T 1
#define HAVE_SYS_SELECT_H 1
#define HAVE_SYS_UIO_H 1
#define HAVE_SETHOSTENT 1
#define HAVE_GETNAMEINFO 1
#define HAVE_ENDHOSTENT 1
#define HAVE_GETADDRINFO 1
#define HAVE_INET_ATON 1
#define HAVE_WRITEV 1
#define HAVE_STRUCT_SOCKADDR_STORAGE_SS_FAMILY 1
#define HAVE_INET_PTON 1
#define HAVE_PTHREAD_SPIN_LOCK 1
#define HAVE_OPENSSL 1

configure: exit 0
