This file contains any messages produced by compilers while
running configure, to aid debugging if configure makes a mistake.

It was created by IceS configure 2.0.3, which was
generated by GNU Autoconf 2.69.  Invocation command line was

  $ ./configure 

## --------- ##
## Platform. ##
## --------- ##

hostname = NA-Internet-In-A-Box
uname -m = armv7l
uname -r = 5.10.63-v7+
uname -s = Linux
uname -v = #1459 SMP Wed Oct 6 16:41:10 BST 2021

/usr/bin/uname -p = unknown
/bin/uname -X     = unknown

/bin/arch              = armv7l
/usr/bin/arch -k       = unknown
/usr/convex/getsysinfo = unknown
/usr/bin/hostinfo      = unknown
/bin/machine           = unknown
/usr/bin/oslevel       = unknown
/bin/universe          = unknown

PATH: /usr/local/sbin
PATH: /usr/local/bin
PATH: /usr/sbin
PATH: /usr/bin
PATH: /sbin
PATH: /bin
PATH: /usr/local/games
PATH: /usr/games


## ----------- ##
## Core tests. ##
## ----------- ##

configure:2368: checking for a BSD-compatible install
configure:2436: result: /usr/bin/install -c
configure:2447: checking whether build environment is sane
configure:2502: result: yes
configure:2653: checking for a thread-safe mkdir -p
configure:2692: result: /usr/bin/mkdir -p
configure:2699: checking for gawk
configure:2729: result: no
configure:2699: checking for mawk
configure:2715: found /usr/bin/mawk
configure:2726: result: mawk
configure:2737: checking whether make sets $(MAKE)
configure:2759: result: yes
configure:2788: checking whether make supports nested variables
configure:2805: result: yes
configure:2934: checking whether to enable maintainer-specific portions of Makefiles
configure:2943: result: no
configure:3005: checking for gcc
configure:3021: found /usr/bin/gcc
configure:3032: result: gcc
configure:3261: checking for C compiler version
configure:3270: gcc --version >&5
gcc (Raspbian 10.2.1-6+rpi1) 10.2.1 20210110
Copyright (C) 2020 Free Software Foundation, Inc.
This is free software; see the source for copying conditions.  There is NO
warranty; not even for MERCHANTABILITY or FITNESS FOR A PARTICULAR PURPOSE.

configure:3281: $? = 0
configure:3270: gcc -v >&5
Using built-in specs.
COLLECT_GCC=gcc
COLLECT_LTO_WRAPPER=/usr/lib/gcc/arm-linux-gnueabihf/10/lto-wrapper
Target: arm-linux-gnueabihf
Configured with: ../src/configure -v --with-pkgversion='Raspbian 10.2.1-6+rpi1' --with-bugurl=file:///usr/share/doc/gcc-10/README.Bugs --enable-languages=c,ada,c++,go,d,fortran,objc,obj-c++,m2 --prefix=/usr --with-gcc-major-version-only --program-suffix=-10 --program-prefix=arm-linux-gnueabihf- --enable-shared --enable-linker-build-id --libexecdir=/usr/lib --without-included-gettext --enable-threads=posix --libdir=/usr/lib --enable-nls --enable-bootstrap --enable-clocale=gnu --enable-libstdcxx-debug --enable-libstdcxx-time=yes --with-default-libstdcxx-abi=new --enable-gnu-unique-object --disable-libitm --disable-libquadmath --disable-libquadmath-support --enable-plugin --with-system-zlib --enable-libphobos-checking=release --with-target-system-zlib=auto --enable-objc-gc=auto --enable-multiarch --disable-sjlj-exceptions --with-arch=armv6 --with-fpu=vfp --with-float=hard --disable-werror --enable-checking=release --build=arm-linux-gnueabihf --host=arm-linux-gnueabihf --target=arm-linux-gnueabihf
Thread model: posix
Supported LTO compression algorithms: zlib zstd
gcc version 10.2.1 20210110 (Raspbian 10.2.1-6+rpi1) 
configure:3281: $? = 0
configure:3270: gcc -V >&5
gcc: error: unrecognized command-line option '-V'
gcc: fatal error: no input files
compilation terminated.
configure:3281: $? = 1
configure:3270: gcc -qversion >&5
gcc: error: unrecognized command-line option '-qversion'; did you mean '--version'?
gcc: fatal error: no input files
compilation terminated.
configure:3281: $? = 1
configure:3301: checking whether the C compiler works
configure:3323: gcc    conftest.c  >&5
configure:3327: $? = 0
configure:3375: result: yes
configure:3378: checking for C compiler default output file name
configure:3380: result: a.out
configure:3386: checking for suffix of executables
configure:3393: gcc -o conftest    conftest.c  >&5
configure:3397: $? = 0
configure:3419: result: 
configure:3441: checking whether we are cross compiling
configure:3449: gcc -o conftest    conftest.c  >&5
configure:3453: $? = 0
configure:3460: ./conftest
configure:3464: $? = 0
configure:3479: result: no
configure:3484: checking for suffix of object files
configure:3506: gcc -c   conftest.c >&5
configure:3510: $? = 0
configure:3531: result: o
configure:3535: checking whether we are using the GNU C compiler
configure:3554: gcc -c   conftest.c >&5
configure:3554: $? = 0
configure:3563: result: yes
configure:3572: checking whether gcc accepts -g
configure:3592: gcc -c -g  conftest.c >&5
configure:3592: $? = 0
configure:3633: result: yes
configure:3650: checking for gcc option to accept ISO C89
configure:3713: gcc  -c -g -O2  conftest.c >&5
configure:3713: $? = 0
configure:3726: result: none needed
configure:3751: checking whether gcc understands -c and -o together
configure:3773: gcc -c conftest.c -o conftest2.o
configure:3776: $? = 0
configure:3773: gcc -c conftest.c -o conftest2.o
configure:3776: $? = 0
configure:3788: result: yes
configure:3816: checking for style of include used by make
configure:3844: result: GNU
configure:3870: checking dependency style of gcc
configure:3981: result: gcc3
configure:4025: checking build system type
configure:4039: result: armv7l-unknown-linux-gnueabihf
configure:4059: checking host system type
configure:4072: result: armv7l-unknown-linux-gnueabihf
configure:4113: checking how to print strings
configure:4140: result: printf
configure:4161: checking for a sed that does not truncate output
configure:4225: result: /usr/bin/sed
configure:4243: checking for grep that handles long lines and -e
configure:4301: result: /usr/bin/grep
configure:4306: checking for egrep
configure:4368: result: /usr/bin/grep -E
configure:4373: checking for fgrep
configure:4435: result: /usr/bin/grep -F
configure:4470: checking for ld used by gcc
configure:4537: result: /usr/bin/ld
configure:4544: checking if the linker (/usr/bin/ld) is GNU ld
configure:4559: result: yes
configure:4571: checking for BSD- or MS-compatible name lister (nm)
configure:4620: result: /usr/bin/nm -B
configure:4750: checking the name lister (/usr/bin/nm -B) interface
configure:4757: gcc -c -g -O2  conftest.c >&5
configure:4760: /usr/bin/nm -B "conftest.o"
configure:4763: output
00000000 B some_variable
configure:4770: result: BSD nm
configure:4773: checking whether ln -s works
configure:4777: result: yes
configure:4785: checking the maximum length of command line arguments
configure:4916: result: 1572864
configure:4933: checking whether the shell understands some XSI constructs
configure:4943: result: yes
configure:4947: checking whether the shell understands "+="
configure:4953: result: yes
configure:4988: checking how to convert armv7l-unknown-linux-gnueabihf file names to armv7l-unknown-linux-gnueabihf format
configure:5028: result: func_convert_file_noop
configure:5035: checking how to convert armv7l-unknown-linux-gnueabihf file names to toolchain format
configure:5055: result: func_convert_file_noop
configure:5062: checking for /usr/bin/ld option to reload object files
configure:5069: result: -r
configure:5143: checking for objdump
configure:5159: found /usr/bin/objdump
configure:5170: result: objdump
configure:5202: checking how to recognize dependent libraries
configure:5400: result: pass_all
configure:5485: checking for dlltool
configure:5515: result: no
configure:5545: checking how to associate runtime and link libraries
configure:5572: result: printf %s\n
configure:5633: checking for ar
configure:5649: found /usr/bin/ar
configure:5660: result: ar
configure:5697: checking for archiver @FILE support
configure:5714: gcc -c -g -O2  conftest.c >&5
configure:5714: $? = 0
configure:5717: ar cru libconftest.a @conftest.lst >&5
ar: `u' modifier ignored since `D' is the default (see `U')
configure:5720: $? = 0
configure:5725: ar cru libconftest.a @conftest.lst >&5
ar: `u' modifier ignored since `D' is the default (see `U')
ar: conftest.o: No such file or directory
configure:5728: $? = 1
configure:5740: result: @
configure:5798: checking for strip
configure:5814: found /usr/bin/strip
configure:5825: result: strip
configure:5897: checking for ranlib
configure:5913: found /usr/bin/ranlib
configure:5924: result: ranlib
configure:6026: checking command to parse /usr/bin/nm -B output from gcc object
configure:6146: gcc -c -g -O2  conftest.c >&5
configure:6149: $? = 0
configure:6153: /usr/bin/nm -B conftest.o \| sed -n -e 's/^.*[ ]\([ABCDGIRSTW][ABCDGIRSTW]*\)[ ][ ]*\([_A-Za-z][_A-Za-z0-9]*\)$/\1 \2 \2/p' | sed '/ __gnu_lto/d' \> conftest.nm
configure:6156: $? = 0
configure:6222: gcc -o conftest -g -O2   conftest.c conftstm.o >&5
configure:6225: $? = 0
configure:6263: result: ok
configure:6300: checking for sysroot
configure:6330: result: no
configure:6599: checking for mt
configure:6615: found /usr/bin/mt
configure:6626: result: mt
configure:6649: checking if mt is a manifest tool
configure:6655: mt '-?'
configure:6663: result: no
configure:7305: checking how to run the C preprocessor
configure:7336: gcc -E  conftest.c
configure:7336: $? = 0
configure:7350: gcc -E  conftest.c
conftest.c:11:10: fatal error: ac_nonexistent.h: No such file or directory
   11 | #include <ac_nonexistent.h>
      |          ^~~~~~~~~~~~~~~~~~
compilation terminated.
configure:7350: $? = 1
configure: failed program was:
| /* confdefs.h */
| #define PACKAGE_NAME "IceS"
| #define PACKAGE_TARNAME "ices"
| #define PACKAGE_VERSION "2.0.3"
| #define PACKAGE_STRING "IceS 2.0.3"
| #define PACKAGE_BUGREPORT "icecast@xiph.org"
| #define PACKAGE_URL ""
| #define PACKAGE "ices"
| #define VERSION "2.0.3"
| /* end confdefs.h.  */
| #include <ac_nonexistent.h>
configure:7375: result: gcc -E
configure:7395: gcc -E  conftest.c
configure:7395: $? = 0
configure:7409: gcc -E  conftest.c
conftest.c:11:10: fatal error: ac_nonexistent.h: No such file or directory
   11 | #include <ac_nonexistent.h>
      |          ^~~~~~~~~~~~~~~~~~
compilation terminated.
configure:7409: $? = 1
configure: failed program was:
| /* confdefs.h */
| #define PACKAGE_NAME "IceS"
| #define PACKAGE_TARNAME "ices"
| #define PACKAGE_VERSION "2.0.3"
| #define PACKAGE_STRING "IceS 2.0.3"
| #define PACKAGE_BUGREPORT "icecast@xiph.org"
| #define PACKAGE_URL ""
| #define PACKAGE "ices"
| #define VERSION "2.0.3"
| /* end confdefs.h.  */
| #include <ac_nonexistent.h>
configure:7438: checking for ANSI C header files
configure:7458: gcc -c -g -O2  conftest.c >&5
configure:7458: $? = 0
configure:7531: gcc -o conftest -g -O2   conftest.c  >&5
configure:7531: $? = 0
configure:7531: ./conftest
configure:7531: $? = 0
configure:7542: result: yes
configure:7555: checking for sys/types.h
configure:7555: gcc -c -g -O2  conftest.c >&5
configure:7555: $? = 0
configure:7555: result: yes
configure:7555: checking for sys/stat.h
configure:7555: gcc -c -g -O2  conftest.c >&5
configure:7555: $? = 0
configure:7555: result: yes
configure:7555: checking for stdlib.h
configure:7555: gcc -c -g -O2  conftest.c >&5
configure:7555: $? = 0
configure:7555: result: yes
configure:7555: checking for string.h
configure:7555: gcc -c -g -O2  conftest.c >&5
configure:7555: $? = 0
configure:7555: result: yes
configure:7555: checking for memory.h
configure:7555: gcc -c -g -O2  conftest.c >&5
configure:7555: $? = 0
configure:7555: result: yes
configure:7555: checking for strings.h
configure:7555: gcc -c -g -O2  conftest.c >&5
configure:7555: $? = 0
configure:7555: result: yes
configure:7555: checking for inttypes.h
configure:7555: gcc -c -g -O2  conftest.c >&5
configure:7555: $? = 0
configure:7555: result: yes
configure:7555: checking for stdint.h
configure:7555: gcc -c -g -O2  conftest.c >&5
configure:7555: $? = 0
configure:7555: result: yes
configure:7555: checking for unistd.h
configure:7555: gcc -c -g -O2  conftest.c >&5
configure:7555: $? = 0
configure:7555: result: yes
configure:7569: checking for dlfcn.h
configure:7569: gcc -c -g -O2  conftest.c >&5
configure:7569: $? = 0
configure:7569: result: yes
configure:7775: checking for objdir
configure:7790: result: .libs
configure:8061: checking if gcc supports -fno-rtti -fno-exceptions
configure:8079: gcc -c -g -O2  -fno-rtti -fno-exceptions conftest.c >&5
cc1: warning: command-line option '-fno-rtti' is valid for C++/D/ObjC++ but not for C
configure:8083: $? = 0
configure:8096: result: no
configure:8423: checking for gcc option to produce PIC
configure:8430: result: -fPIC -DPIC
configure:8438: checking if gcc PIC flag -fPIC -DPIC works
configure:8456: gcc -c -g -O2  -fPIC -DPIC -DPIC conftest.c >&5
configure:8460: $? = 0
configure:8473: result: yes
configure:8502: checking if gcc static flag -static works
configure:8530: result: yes
configure:8545: checking if gcc supports -c -o file.o
configure:8566: gcc -c -g -O2  -o out/conftest2.o conftest.c >&5
configure:8570: $? = 0
configure:8592: result: yes
configure:8600: checking if gcc supports -c -o file.o
configure:8647: result: yes
configure:8680: checking whether the gcc linker (/usr/bin/ld) supports shared libraries
configure:9837: result: yes
configure:9874: checking whether -lc should be explicitly linked in
configure:9882: gcc -c -g -O2  conftest.c >&5
configure:9885: $? = 0
configure:9900: gcc -shared  -fPIC -DPIC conftest.o  -v -Wl,-soname -Wl,conftest -o conftest 2\>\&1 \| /usr/bin/grep  -lc  \>/dev/null 2\>\&1
configure:9903: $? = 0
configure:9917: result: no
configure:10077: checking dynamic linker characteristics
configure:10577: gcc -o conftest -g -O2   -Wl,-rpath -Wl,/foo conftest.c  >&5
configure:10577: $? = 0
configure:10811: result: GNU/Linux ld.so
configure:10918: checking how to hardcode library paths into programs
configure:10943: result: immediate
configure:11483: checking whether stripping libraries is possible
configure:11488: result: yes
configure:11523: checking if libtool supports shared libraries
configure:11525: result: yes
configure:11528: checking whether to build shared libraries
configure:11549: result: yes
configure:11552: checking whether to build static libraries
configure:11556: result: yes
configure:11726: checking for ANSI C header files
configure:11830: result: yes
configure:11838: checking whether time.h and sys/time.h may both be included
configure:11858: gcc -c -g -O2  conftest.c >&5
configure:11858: $? = 0
configure:11865: result: yes
configure:11876: checking stropts.h usability
configure:11876: gcc -c -g -O2  conftest.c >&5
conftest.c:59:10: fatal error: stropts.h: No such file or directory
   59 | #include <stropts.h>
      |          ^~~~~~~~~~~
compilation terminated.
configure:11876: $? = 1
configure: failed program was:
| /* confdefs.h */
| #define PACKAGE_NAME "IceS"
| #define PACKAGE_TARNAME "ices"
| #define PACKAGE_VERSION "2.0.3"
| #define PACKAGE_STRING "IceS 2.0.3"
| #define PACKAGE_BUGREPORT "icecast@xiph.org"
| #define PACKAGE_URL ""
| #define PACKAGE "ices"
| #define VERSION "2.0.3"
| #define STDC_HEADERS 1
| #define HAVE_SYS_TYPES_H 1
| #define HAVE_SYS_STAT_H 1
| #define HAVE_STDLIB_H 1
| #define HAVE_STRING_H 1
| #define HAVE_MEMORY_H 1
| #define HAVE_STRINGS_H 1
| #define HAVE_INTTYPES_H 1
| #define HAVE_STDINT_H 1
| #define HAVE_UNISTD_H 1
| #define HAVE_DLFCN_H 1
| #define LT_OBJDIR ".libs/"
| #define _GNU_SOURCE /**/
| #define STDC_HEADERS 1
| #define TIME_WITH_SYS_TIME 1
| /* end confdefs.h.  */
| #include <stdio.h>
| #ifdef HAVE_SYS_TYPES_H
| # include <sys/types.h>
| #endif
| #ifdef HAVE_SYS_STAT_H
| # include <sys/stat.h>
| #endif
| #ifdef STDC_HEADERS
| # include <stdlib.h>
| # include <stddef.h>
| #else
| # ifdef HAVE_STDLIB_H
| #  include <stdlib.h>
| # endif
| #endif
| #ifdef HAVE_STRING_H
| # if !defined STDC_HEADERS && defined HAVE_MEMORY_H
| #  include <memory.h>
| # endif
| # include <string.h>
| #endif
| #ifdef HAVE_STRINGS_H
| # include <strings.h>
| #endif
| #ifdef HAVE_INTTYPES_H
| # include <inttypes.h>
| #endif
| #ifdef HAVE_STDINT_H
| # include <stdint.h>
| #endif
| #ifdef HAVE_UNISTD_H
| # include <unistd.h>
| #endif
| #include <stropts.h>
configure:11876: result: no
configure:11876: checking stropts.h presence
configure:11876: gcc -E  conftest.c
conftest.c:26:10: fatal error: stropts.h: No such file or directory
   26 | #include <stropts.h>
      |          ^~~~~~~~~~~
compilation terminated.
configure:11876: $? = 1
configure: failed program was:
| /* confdefs.h */
| #define PACKAGE_NAME "IceS"
| #define PACKAGE_TARNAME "ices"
| #define PACKAGE_VERSION "2.0.3"
| #define PACKAGE_STRING "IceS 2.0.3"
| #define PACKAGE_BUGREPORT "icecast@xiph.org"
| #define PACKAGE_URL ""
| #define PACKAGE "ices"
| #define VERSION "2.0.3"
| #define STDC_HEADERS 1
| #define HAVE_SYS_TYPES_H 1
| #define HAVE_SYS_STAT_H 1
| #define HAVE_STDLIB_H 1
| #define HAVE_STRING_H 1
| #define HAVE_MEMORY_H 1
| #define HAVE_STRINGS_H 1
| #define HAVE_INTTYPES_H 1
| #define HAVE_STDINT_H 1
| #define HAVE_UNISTD_H 1
| #define HAVE_DLFCN_H 1
| #define LT_OBJDIR ".libs/"
| #define _GNU_SOURCE /**/
| #define STDC_HEADERS 1
| #define TIME_WITH_SYS_TIME 1
| /* end confdefs.h.  */
| #include <stropts.h>
configure:11876: result: no
configure:11876: checking for stropts.h
configure:11876: result: no
configure:11876: checking sys/timeb.h usability
configure:11876: gcc -c -g -O2  conftest.c >&5
configure:11876: $? = 0
configure:11876: result: yes
configure:11876: checking sys/timeb.h presence
configure:11876: gcc -E  conftest.c
configure:11876: $? = 0
configure:11876: result: yes
configure:11876: checking for sys/timeb.h
configure:11876: result: yes
configure:11876: checking sys/select.h usability
configure:11876: gcc -c -g -O2  conftest.c >&5
configure:11876: $? = 0
configure:11876: result: yes
configure:11876: checking sys/select.h presence
configure:11876: gcc -E  conftest.c
configure:11876: $? = 0
configure:11876: result: yes
configure:11876: checking for sys/select.h
configure:11876: result: yes
configure:11897: checking sys/soundcard.h usability
configure:11897: gcc -c -g -O2  conftest.c >&5
configure:11897: $? = 0
configure:11897: result: yes
configure:11897: checking sys/soundcard.h presence
configure:11897: gcc -E  conftest.c
configure:11897: $? = 0
configure:11897: result: yes
configure:11897: checking for sys/soundcard.h
configure:11897: result: yes
configure:11905: checking machine/soundcard.h usability
configure:11905: gcc -c -g -O2  conftest.c >&5
conftest.c:61:10: fatal error: machine/soundcard.h: No such file or directory
   61 | #include <machine/soundcard.h>
      |          ^~~~~~~~~~~~~~~~~~~~~
compilation terminated.
configure:11905: $? = 1
configure: failed program was:
| /* confdefs.h */
| #define PACKAGE_NAME "IceS"
| #define PACKAGE_TARNAME "ices"
| #define PACKAGE_VERSION "2.0.3"
| #define PACKAGE_STRING "IceS 2.0.3"
| #define PACKAGE_BUGREPORT "icecast@xiph.org"
| #define PACKAGE_URL ""
| #define PACKAGE "ices"
| #define VERSION "2.0.3"
| #define STDC_HEADERS 1
| #define HAVE_SYS_TYPES_H 1
| #define HAVE_SYS_STAT_H 1
| #define HAVE_STDLIB_H 1
| #define HAVE_STRING_H 1
| #define HAVE_MEMORY_H 1
| #define HAVE_STRINGS_H 1
| #define HAVE_INTTYPES_H 1
| #define HAVE_STDINT_H 1
| #define HAVE_UNISTD_H 1
| #define HAVE_DLFCN_H 1
| #define LT_OBJDIR ".libs/"
| #define _GNU_SOURCE /**/
| #define STDC_HEADERS 1
| #define TIME_WITH_SYS_TIME 1
| #define HAVE_SYS_TIMEB_H 1
| #define HAVE_SYS_SELECT_H 1
| /* end confdefs.h.  */
| #include <stdio.h>
| #ifdef HAVE_SYS_TYPES_H
| # include <sys/types.h>
| #endif
| #ifdef HAVE_SYS_STAT_H
| # include <sys/stat.h>
| #endif
| #ifdef STDC_HEADERS
| # include <stdlib.h>
| # include <stddef.h>
| #else
| # ifdef HAVE_STDLIB_H
| #  include <stdlib.h>
| # endif
| #endif
| #ifdef HAVE_STRING_H
| # if !defined STDC_HEADERS && defined HAVE_MEMORY_H
| #  include <memory.h>
| # endif
| # include <string.h>
| #endif
| #ifdef HAVE_STRINGS_H
| # include <strings.h>
| #endif
| #ifdef HAVE_INTTYPES_H
| # include <inttypes.h>
| #endif
| #ifdef HAVE_STDINT_H
| # include <stdint.h>
| #endif
| #ifdef HAVE_UNISTD_H
| # include <unistd.h>
| #endif
| #include <machine/soundcard.h>
configure:11905: result: no
configure:11905: checking machine/soundcard.h presence
configure:11905: gcc -E  conftest.c
conftest.c:28:10: fatal error: machine/soundcard.h: No such file or directory
   28 | #include <machine/soundcard.h>
      |          ^~~~~~~~~~~~~~~~~~~~~
compilation terminated.
configure:11905: $? = 1
configure: failed program was:
| /* confdefs.h */
| #define PACKAGE_NAME "IceS"
| #define PACKAGE_TARNAME "ices"
| #define PACKAGE_VERSION "2.0.3"
| #define PACKAGE_STRING "IceS 2.0.3"
| #define PACKAGE_BUGREPORT "icecast@xiph.org"
| #define PACKAGE_URL ""
| #define PACKAGE "ices"
| #define VERSION "2.0.3"
| #define STDC_HEADERS 1
| #define HAVE_SYS_TYPES_H 1
| #define HAVE_SYS_STAT_H 1
| #define HAVE_STDLIB_H 1
| #define HAVE_STRING_H 1
| #define HAVE_MEMORY_H 1
| #define HAVE_STRINGS_H 1
| #define HAVE_INTTYPES_H 1
| #define HAVE_STDINT_H 1
| #define HAVE_UNISTD_H 1
| #define HAVE_DLFCN_H 1
| #define LT_OBJDIR ".libs/"
| #define _GNU_SOURCE /**/
| #define STDC_HEADERS 1
| #define TIME_WITH_SYS_TIME 1
| #define HAVE_SYS_TIMEB_H 1
| #define HAVE_SYS_SELECT_H 1
| /* end confdefs.h.  */
| #include <machine/soundcard.h>
configure:11905: result: no
configure:11905: checking for machine/soundcard.h
configure:11905: result: no
configure:11931: checking whether byte ordering is bigendian
configure:11946: gcc -c -g -O2  conftest.c >&5
conftest.c:30:9: error: unknown type name 'not'
   30 |         not a universal capable compiler
      |         ^~~
conftest.c:30:15: error: expected '=', ',', ';', 'asm' or '__attribute__' before 'universal'
   30 |         not a universal capable compiler
      |               ^~~~~~~~~
conftest.c:30:15: error: unknown type name 'universal'
configure:11946: $? = 1
configure: failed program was:
| /* confdefs.h */
| #define PACKAGE_NAME "IceS"
| #define PACKAGE_TARNAME "ices"
| #define PACKAGE_VERSION "2.0.3"
| #define PACKAGE_STRING "IceS 2.0.3"
| #define PACKAGE_BUGREPORT "icecast@xiph.org"
| #define PACKAGE_URL ""
| #define PACKAGE "ices"
| #define VERSION "2.0.3"
| #define STDC_HEADERS 1
| #define HAVE_SYS_TYPES_H 1
| #define HAVE_SYS_STAT_H 1
| #define HAVE_STDLIB_H 1
| #define HAVE_STRING_H 1
| #define HAVE_MEMORY_H 1
| #define HAVE_STRINGS_H 1
| #define HAVE_INTTYPES_H 1
| #define HAVE_STDINT_H 1
| #define HAVE_UNISTD_H 1
| #define HAVE_DLFCN_H 1
| #define LT_OBJDIR ".libs/"
| #define _GNU_SOURCE /**/
| #define STDC_HEADERS 1
| #define TIME_WITH_SYS_TIME 1
| #define HAVE_SYS_TIMEB_H 1
| #define HAVE_SYS_SELECT_H 1
| #define HAVE_OSS /**/
| /* end confdefs.h.  */
| #ifndef __APPLE_CC__
| 	       not a universal capable compiler
| 	     #endif
| 	     typedef int dummy;
| 
configure:11991: gcc -c -g -O2  conftest.c >&5
configure:11991: $? = 0
configure:12009: gcc -c -g -O2  conftest.c >&5
conftest.c: In function 'main':
conftest.c:36:4: error: unknown type name 'not'; did you mean 'ino_t'?
   36 |    not big endian
      |    ^~~
      |    ino_t
conftest.c:36:12: error: expected '=', ',', ';', 'asm' or '__attribute__' before 'endian'
   36 |    not big endian
      |            ^~~~~~
configure:12009: $? = 1
configure: failed program was:
| /* confdefs.h */
| #define PACKAGE_NAME "IceS"
| #define PACKAGE_TARNAME "ices"
| #define PACKAGE_VERSION "2.0.3"
| #define PACKAGE_STRING "IceS 2.0.3"
| #define PACKAGE_BUGREPORT "icecast@xiph.org"
| #define PACKAGE_URL ""
| #define PACKAGE "ices"
| #define VERSION "2.0.3"
| #define STDC_HEADERS 1
| #define HAVE_SYS_TYPES_H 1
| #define HAVE_SYS_STAT_H 1
| #define HAVE_STDLIB_H 1
| #define HAVE_STRING_H 1
| #define HAVE_MEMORY_H 1
| #define HAVE_STRINGS_H 1
| #define HAVE_INTTYPES_H 1
| #define HAVE_STDINT_H 1
| #define HAVE_UNISTD_H 1
| #define HAVE_DLFCN_H 1
| #define LT_OBJDIR ".libs/"
| #define _GNU_SOURCE /**/
| #define STDC_HEADERS 1
| #define TIME_WITH_SYS_TIME 1
| #define HAVE_SYS_TIMEB_H 1
| #define HAVE_SYS_SELECT_H 1
| #define HAVE_OSS /**/
| /* end confdefs.h.  */
| #include <sys/types.h>
| 		#include <sys/param.h>
| 
| int
| main ()
| {
| #if BYTE_ORDER != BIG_ENDIAN
| 		 not big endian
| 		#endif
| 
|   ;
|   return 0;
| }
configure:12137: result: no
configure:12164: checking sys/audioio.h usability
configure:12164: gcc -c -g -O2  conftest.c >&5
conftest.c:62:10: fatal error: sys/audioio.h: No such file or directory
   62 | #include <sys/audioio.h>
      |          ^~~~~~~~~~~~~~~
compilation terminated.
configure:12164: $? = 1
configure: failed program was:
| /* confdefs.h */
| #define PACKAGE_NAME "IceS"
| #define PACKAGE_TARNAME "ices"
| #define PACKAGE_VERSION "2.0.3"
| #define PACKAGE_STRING "IceS 2.0.3"
| #define PACKAGE_BUGREPORT "icecast@xiph.org"
| #define PACKAGE_URL ""
| #define PACKAGE "ices"
| #define VERSION "2.0.3"
| #define STDC_HEADERS 1
| #define HAVE_SYS_TYPES_H 1
| #define HAVE_SYS_STAT_H 1
| #define HAVE_STDLIB_H 1
| #define HAVE_STRING_H 1
| #define HAVE_MEMORY_H 1
| #define HAVE_STRINGS_H 1
| #define HAVE_INTTYPES_H 1
| #define HAVE_STDINT_H 1
| #define HAVE_UNISTD_H 1
| #define HAVE_DLFCN_H 1
| #define LT_OBJDIR ".libs/"
| #define _GNU_SOURCE /**/
| #define STDC_HEADERS 1
| #define TIME_WITH_SYS_TIME 1
| #define HAVE_SYS_TIMEB_H 1
| #define HAVE_SYS_SELECT_H 1
| #define HAVE_OSS /**/
| /* end confdefs.h.  */
| #include <stdio.h>
| #ifdef HAVE_SYS_TYPES_H
| # include <sys/types.h>
| #endif
| #ifdef HAVE_SYS_STAT_H
| # include <sys/stat.h>
| #endif
| #ifdef STDC_HEADERS
| # include <stdlib.h>
| # include <stddef.h>
| #else
| # ifdef HAVE_STDLIB_H
| #  include <stdlib.h>
| # endif
| #endif
| #ifdef HAVE_STRING_H
| # if !defined STDC_HEADERS && defined HAVE_MEMORY_H
| #  include <memory.h>
| # endif
| # include <string.h>
| #endif
| #ifdef HAVE_STRINGS_H
| # include <strings.h>
| #endif
| #ifdef HAVE_INTTYPES_H
| # include <inttypes.h>
| #endif
| #ifdef HAVE_STDINT_H
| # include <stdint.h>
| #endif
| #ifdef HAVE_UNISTD_H
| # include <unistd.h>
| #endif
| #include <sys/audioio.h>
configure:12164: result: no
configure:12164: checking sys/audioio.h presence
configure:12164: gcc -E  conftest.c
conftest.c:29:10: fatal error: sys/audioio.h: No such file or directory
   29 | #include <sys/audioio.h>
      |          ^~~~~~~~~~~~~~~
compilation terminated.
configure:12164: $? = 1
configure: failed program was:
| /* confdefs.h */
| #define PACKAGE_NAME "IceS"
| #define PACKAGE_TARNAME "ices"
| #define PACKAGE_VERSION "2.0.3"
| #define PACKAGE_STRING "IceS 2.0.3"
| #define PACKAGE_BUGREPORT "icecast@xiph.org"
| #define PACKAGE_URL ""
| #define PACKAGE "ices"
| #define VERSION "2.0.3"
| #define STDC_HEADERS 1
| #define HAVE_SYS_TYPES_H 1
| #define HAVE_SYS_STAT_H 1
| #define HAVE_STDLIB_H 1
| #define HAVE_STRING_H 1
| #define HAVE_MEMORY_H 1
| #define HAVE_STRINGS_H 1
| #define HAVE_INTTYPES_H 1
| #define HAVE_STDINT_H 1
| #define HAVE_UNISTD_H 1
| #define HAVE_DLFCN_H 1
| #define LT_OBJDIR ".libs/"
| #define _GNU_SOURCE /**/
| #define STDC_HEADERS 1
| #define TIME_WITH_SYS_TIME 1
| #define HAVE_SYS_TIMEB_H 1
| #define HAVE_SYS_SELECT_H 1
| #define HAVE_OSS /**/
| /* end confdefs.h.  */
| #include <sys/audioio.h>
configure:12164: result: no
configure:12164: checking for sys/audioio.h
configure:12164: result: no
configure:12201: checking alsa/asoundlib.h usability
configure:12201: gcc -c -g -O2  conftest.c >&5
conftest.c:62:10: fatal error: alsa/asoundlib.h: No such file or directory
   62 | #include <alsa/asoundlib.h>
      |          ^~~~~~~~~~~~~~~~~~
compilation terminated.
configure:12201: $? = 1
configure: failed program was:
| /* confdefs.h */
| #define PACKAGE_NAME "IceS"
| #define PACKAGE_TARNAME "ices"
| #define PACKAGE_VERSION "2.0.3"
| #define PACKAGE_STRING "IceS 2.0.3"
| #define PACKAGE_BUGREPORT "icecast@xiph.org"
| #define PACKAGE_URL ""
| #define PACKAGE "ices"
| #define VERSION "2.0.3"
| #define STDC_HEADERS 1
| #define HAVE_SYS_TYPES_H 1
| #define HAVE_SYS_STAT_H 1
| #define HAVE_STDLIB_H 1
| #define HAVE_STRING_H 1
| #define HAVE_MEMORY_H 1
| #define HAVE_STRINGS_H 1
| #define HAVE_INTTYPES_H 1
| #define HAVE_STDINT_H 1
| #define HAVE_UNISTD_H 1
| #define HAVE_DLFCN_H 1
| #define LT_OBJDIR ".libs/"
| #define _GNU_SOURCE /**/
| #define STDC_HEADERS 1
| #define TIME_WITH_SYS_TIME 1
| #define HAVE_SYS_TIMEB_H 1
| #define HAVE_SYS_SELECT_H 1
| #define HAVE_OSS /**/
| /* end confdefs.h.  */
| #include <stdio.h>
| #ifdef HAVE_SYS_TYPES_H
| # include <sys/types.h>
| #endif
| #ifdef HAVE_SYS_STAT_H
| # include <sys/stat.h>
| #endif
| #ifdef STDC_HEADERS
| # include <stdlib.h>
| # include <stddef.h>
| #else
| # ifdef HAVE_STDLIB_H
| #  include <stdlib.h>
| # endif
| #endif
| #ifdef HAVE_STRING_H
| # if !defined STDC_HEADERS && defined HAVE_MEMORY_H
| #  include <memory.h>
| # endif
| # include <string.h>
| #endif
| #ifdef HAVE_STRINGS_H
| # include <strings.h>
| #endif
| #ifdef HAVE_INTTYPES_H
| # include <inttypes.h>
| #endif
| #ifdef HAVE_STDINT_H
| # include <stdint.h>
| #endif
| #ifdef HAVE_UNISTD_H
| # include <unistd.h>
| #endif
| #include <alsa/asoundlib.h>
configure:12201: result: no
configure:12201: checking alsa/asoundlib.h presence
configure:12201: gcc -E  conftest.c
conftest.c:29:10: fatal error: alsa/asoundlib.h: No such file or directory
   29 | #include <alsa/asoundlib.h>
      |          ^~~~~~~~~~~~~~~~~~
compilation terminated.
configure:12201: $? = 1
configure: failed program was:
| /* confdefs.h */
| #define PACKAGE_NAME "IceS"
| #define PACKAGE_TARNAME "ices"
| #define PACKAGE_VERSION "2.0.3"
| #define PACKAGE_STRING "IceS 2.0.3"
| #define PACKAGE_BUGREPORT "icecast@xiph.org"
| #define PACKAGE_URL ""
| #define PACKAGE "ices"
| #define VERSION "2.0.3"
| #define STDC_HEADERS 1
| #define HAVE_SYS_TYPES_H 1
| #define HAVE_SYS_STAT_H 1
| #define HAVE_STDLIB_H 1
| #define HAVE_STRING_H 1
| #define HAVE_MEMORY_H 1
| #define HAVE_STRINGS_H 1
| #define HAVE_INTTYPES_H 1
| #define HAVE_STDINT_H 1
| #define HAVE_UNISTD_H 1
| #define HAVE_DLFCN_H 1
| #define LT_OBJDIR ".libs/"
| #define _GNU_SOURCE /**/
| #define STDC_HEADERS 1
| #define TIME_WITH_SYS_TIME 1
| #define HAVE_SYS_TIMEB_H 1
| #define HAVE_SYS_SELECT_H 1
| #define HAVE_OSS /**/
| /* end confdefs.h.  */
| #include <alsa/asoundlib.h>
configure:12201: result: no
configure:12201: checking for alsa/asoundlib.h
configure:12201: result: no
configure:12284: checking for an ANSI C-conforming const
configure:12350: gcc -c -g -O2  conftest.c >&5
configure:12350: $? = 0
configure:12357: result: yes
configure:12366: checking for uint64_t
configure:12366: gcc -c -g -O2  conftest.c >&5
configure:12366: $? = 0
configure:12366: gcc -c -g -O2  conftest.c >&5
conftest.c: In function 'main':
conftest.c:66:23: error: expected expression before ')' token
   66 | if (sizeof ((uint64_t)))
      |                       ^
configure:12366: $? = 1
configure: failed program was:
| /* confdefs.h */
| #define PACKAGE_NAME "IceS"
| #define PACKAGE_TARNAME "ices"
| #define PACKAGE_VERSION "2.0.3"
| #define PACKAGE_STRING "IceS 2.0.3"
| #define PACKAGE_BUGREPORT "icecast@xiph.org"
| #define PACKAGE_URL ""
| #define PACKAGE "ices"
| #define VERSION "2.0.3"
| #define STDC_HEADERS 1
| #define HAVE_SYS_TYPES_H 1
| #define HAVE_SYS_STAT_H 1
| #define HAVE_STDLIB_H 1
| #define HAVE_STRING_H 1
| #define HAVE_MEMORY_H 1
| #define HAVE_STRINGS_H 1
| #define HAVE_INTTYPES_H 1
| #define HAVE_STDINT_H 1
| #define HAVE_UNISTD_H 1
| #define HAVE_DLFCN_H 1
| #define LT_OBJDIR ".libs/"
| #define _GNU_SOURCE /**/
| #define STDC_HEADERS 1
| #define TIME_WITH_SYS_TIME 1
| #define HAVE_SYS_TIMEB_H 1
| #define HAVE_SYS_SELECT_H 1
| #define HAVE_OSS /**/
| #define HAVE_ROARAUDIO /**/
| /* end confdefs.h.  */
| #include <stdio.h>
| #ifdef HAVE_SYS_TYPES_H
| # include <sys/types.h>
| #endif
| #ifdef HAVE_SYS_STAT_H
| # include <sys/stat.h>
| #endif
| #ifdef STDC_HEADERS
| # include <stdlib.h>
| # include <stddef.h>
| #else
| # ifdef HAVE_STDLIB_H
| #  include <stdlib.h>
| # endif
| #endif
| #ifdef HAVE_STRING_H
| # if !defined STDC_HEADERS && defined HAVE_MEMORY_H
| #  include <memory.h>
| # endif
| # include <string.h>
| #endif
| #ifdef HAVE_STRINGS_H
| # include <strings.h>
| #endif
| #ifdef HAVE_INTTYPES_H
| # include <inttypes.h>
| #endif
| #ifdef HAVE_STDINT_H
| # include <stdint.h>
| #endif
| #ifdef HAVE_UNISTD_H
| # include <unistd.h>
| #endif
| int
| main ()
| {
| if (sizeof ((uint64_t)))
| 	    return 0;
|   ;
|   return 0;
| }
configure:12366: result: yes
configure:12383: checking for gettimeofday
configure:12383: gcc -o conftest -g -O2   conftest.c  >&5
configure:12383: $? = 0
configure:12383: result: yes
configure:12383: checking for ftime
configure:12383: gcc -o conftest -g -O2   conftest.c  >&5
configure:12383: $? = 0
configure:12383: result: yes
configure:12393: result: checking for XML configuration
configure:12405: checking for xml2-config
configure:12423: found /usr/bin/xml2-config
configure:12435: result: /usr/bin/xml2-config
configure:12462: checking for xmlParseFile
configure:12462: gcc -o conftest -g -O2 -I/usr/include/libxml2   conftest.c -lxml2  >&5
configure:12462: $? = 0
configure:12462: result: yes
configure:12517: checking for pkg-config
configure:12535: found /usr/bin/pkg-config
configure:12548: result: /usr/bin/pkg-config
configure:12630: checking shout/shout.h usability
configure:12630: gcc -c -g -O2 -pthread  -I/usr/local/include conftest.c >&5
configure:12630: $? = 0
configure:12630: result: yes
configure:12630: checking shout/shout.h presence
configure:12630: gcc -E  -I/usr/local/include conftest.c
configure:12630: $? = 0
configure:12630: result: yes
configure:12630: checking for shout/shout.h
configure:12630: result: yes
configure:12636: checking for shout_new
configure:12636: gcc -o conftest -g -O2 -pthread  -I/usr/local/include  conftest.c -L/usr/local/lib -lshout  >&5
configure:12636: $? = 0
configure:12636: result: yes
configure:12754: gcc -c -Werror -I/usr/local/include  conftest.c >&5
configure:12754: $? = 0
configure:12771: checking for libogg
configure:12805: gcc -o conftest -g -O2 -I/usr/local/include   -L/usr/local/lib conftest.c  -logg >&5
configure:12805: $? = 0
configure:12835: result: ok
configure:12922: checking for libvorbis
configure:12942: gcc -o conftest -g -O2  -I/usr/local/include  -L/usr/local/lib conftest.c  -lvorbis >&5
/usr/bin/ld: /tmp/ccudA0z7.o: in function `main':
/home/pi/ices-2.0.3/conftest.c:46: undefined reference to `ogg_stream_init'
collect2: error: ld returned 1 exit status
configure:12942: $? = 1
configure: failed program was:
| /* confdefs.h */
| #define PACKAGE_NAME "IceS"
| #define PACKAGE_TARNAME "ices"
| #define PACKAGE_VERSION "2.0.3"
| #define PACKAGE_STRING "IceS 2.0.3"
| #define PACKAGE_BUGREPORT "icecast@xiph.org"
| #define PACKAGE_URL ""
| #define PACKAGE "ices"
| #define VERSION "2.0.3"
| #define STDC_HEADERS 1
| #define HAVE_SYS_TYPES_H 1
| #define HAVE_SYS_STAT_H 1
| #define HAVE_STDLIB_H 1
| #define HAVE_STRING_H 1
| #define HAVE_MEMORY_H 1
| #define HAVE_STRINGS_H 1
| #define HAVE_INTTYPES_H 1
| #define HAVE_STDINT_H 1
| #define HAVE_UNISTD_H 1
| #define HAVE_DLFCN_H 1
| #define LT_OBJDIR ".libs/"
| #define _GNU_SOURCE /**/
| #define STDC_HEADERS 1
| #define TIME_WITH_SYS_TIME 1
| #define HAVE_SYS_TIMEB_H 1
| #define HAVE_SYS_SELECT_H 1
| #define HAVE_OSS /**/
| #define HAVE_ROARAUDIO /**/
| #define HAVE_UINT64_T 1
| #define HAVE_GETTIMEOFDAY 1
| #define HAVE_FTIME 1
| #define HAVE_SHOUT_SHOUT_H 1
| #define HAVE_OGG 1
| /* end confdefs.h.  */
| 
| /* Override any GCC internal prototype to avoid an error.
|    Use char because int might match the return type of a GCC
|    builtin and then its argument prototype would still apply.  */
| #ifdef __cplusplus
| extern "C"
| #endif
| char ogg_stream_init ();
| int
| main ()
| {
| return ogg_stream_init ();
|   ;
|   return 0;
| }
configure:12964: gcc -o conftest -g -O2  -I/usr/local/include  -L/usr/local/lib conftest.c  -lvorbis -logg -lm >&5
configure:12964: $? = 0
configure:12995: gcc -c -g -O2  -I/usr/local/include conftest.c >&5
configure:12995: $? = 0
configure:13001: result: ok
configure:13168: checking that generated files are newer than configure
configure:13174: result: done
configure:13218: creating ./config.status

## ---------------------- ##
## Running config.status. ##
## ---------------------- ##

This file was extended by IceS config.status 2.0.3, which was
generated by GNU Autoconf 2.69.  Invocation command line was

  CONFIG_FILES    = 
  CONFIG_HEADERS  = 
  CONFIG_LINKS    = 
  CONFIG_COMMANDS = 
  $ ./config.status 

on NA-Internet-In-A-Box

config.status:1134: creating Makefile
config.status:1134: creating conf/Makefile
config.status:1134: creating doc/Makefile
config.status:1134: creating src/Makefile
config.status:1134: creating src/common/log/Makefile
config.status:1134: creating src/common/timing/Makefile
config.status:1134: creating src/common/thread/Makefile
config.status:1134: creating src/common/avl/Makefile
config.status:1134: creating config.h
config.status:1315: config.h is unchanged
config.status:1363: executing depfiles commands
config.status:1363: executing libtool commands

## ---------------- ##
## Cache variables. ##
## ---------------- ##

ac_cv_build=armv7l-unknown-linux-gnueabihf
ac_cv_c_bigendian=no
ac_cv_c_compiler_gnu=yes
ac_cv_c_const=yes
ac_cv_env_CC_set=
ac_cv_env_CC_value=
ac_cv_env_CFLAGS_set=
ac_cv_env_CFLAGS_value=
ac_cv_env_CPPFLAGS_set=
ac_cv_env_CPPFLAGS_value=
ac_cv_env_CPP_set=
ac_cv_env_CPP_value=
ac_cv_env_LDFLAGS_set=
ac_cv_env_LDFLAGS_value=
ac_cv_env_LIBS_set=
ac_cv_env_LIBS_value=
ac_cv_env_OGG_PREFIX_set=
ac_cv_env_OGG_PREFIX_value=
ac_cv_env_VORBIS_PREFIX_set=
ac_cv_env_VORBIS_PREFIX_value=
ac_cv_env_XMLCONFIG_set=
ac_cv_env_XMLCONFIG_value=
ac_cv_env_build_alias_set=
ac_cv_env_build_alias_value=
ac_cv_env_host_alias_set=
ac_cv_env_host_alias_value=
ac_cv_env_target_alias_set=
ac_cv_env_target_alias_value=
ac_cv_func_ftime=yes
ac_cv_func_gettimeofday=yes
ac_cv_func_shout_new=yes
ac_cv_func_xmlParseFile=yes
ac_cv_header_alsa_asoundlib_h=no
ac_cv_header_dlfcn_h=yes
ac_cv_header_inttypes_h=yes
ac_cv_header_machine_soundcard_h=no
ac_cv_header_memory_h=yes
ac_cv_header_shout_shout_h=yes
ac_cv_header_stdc=yes
ac_cv_header_stdint_h=yes
ac_cv_header_stdlib_h=yes
ac_cv_header_string_h=yes
ac_cv_header_strings_h=yes
ac_cv_header_stropts_h=no
ac_cv_header_sys_audioio_h=no
ac_cv_header_sys_select_h=yes
ac_cv_header_sys_soundcard_h=yes
ac_cv_header_sys_stat_h=yes
ac_cv_header_sys_timeb_h=yes
ac_cv_header_sys_types_h=yes
ac_cv_header_time=yes
ac_cv_header_unistd_h=yes
ac_cv_host=armv7l-unknown-linux-gnueabihf
ac_cv_objext=o
ac_cv_path_EGREP='/usr/bin/grep -E'
ac_cv_path_FGREP='/usr/bin/grep -F'
ac_cv_path_GREP=/usr/bin/grep
ac_cv_path_PKGCONFIG=/usr/bin/pkg-config
ac_cv_path_SED=/usr/bin/sed
ac_cv_path_XMLCONFIG=/usr/bin/xml2-config
ac_cv_path_install='/usr/bin/install -c'
ac_cv_path_mkdir=/usr/bin/mkdir
ac_cv_prog_AWK=mawk
ac_cv_prog_CPP='gcc -E'
ac_cv_prog_ac_ct_AR=ar
ac_cv_prog_ac_ct_CC=gcc
ac_cv_prog_ac_ct_MANIFEST_TOOL=mt
ac_cv_prog_ac_ct_OBJDUMP=objdump
ac_cv_prog_ac_ct_RANLIB=ranlib
ac_cv_prog_ac_ct_STRIP=strip
ac_cv_prog_cc_c89=
ac_cv_prog_cc_g=yes
ac_cv_prog_make_make_set=yes
ac_cv_type_uint64_t=yes
am_cv_CC_dependencies_compiler_type=gcc3
am_cv_make_support_nested_variables=yes
am_cv_prog_cc_c_o=yes
lt_cv_ar_at_file=@
lt_cv_archive_cmds_need_lc=no
lt_cv_deplibs_check_method=pass_all
lt_cv_file_magic_cmd='$MAGIC_CMD'
lt_cv_file_magic_test_file=
lt_cv_ld_reload_flag=-r
lt_cv_nm_interface='BSD nm'
lt_cv_objdir=.libs
lt_cv_path_LD=/usr/bin/ld
lt_cv_path_NM='/usr/bin/nm -B'
lt_cv_path_mainfest_tool=no
lt_cv_prog_compiler_c_o=yes
lt_cv_prog_compiler_pic='-fPIC -DPIC'
lt_cv_prog_compiler_pic_works=yes
lt_cv_prog_compiler_rtti_exceptions=no
lt_cv_prog_compiler_static_works=yes
lt_cv_prog_gnu_ld=yes
lt_cv_sharedlib_from_linklib_cmd='printf %s\n'
lt_cv_shlibpath_overrides_runpath=yes
lt_cv_sys_global_symbol_pipe='sed -n -e '\''s/^.*[	 ]\([ABCDGIRSTW][ABCDGIRSTW]*\)[	 ][	 ]*\([_A-Za-z][_A-Za-z0-9]*\)$/\1 \2 \2/p'\'' | sed '\''/ __gnu_lto/d'\'''
lt_cv_sys_global_symbol_to_c_name_address='sed -n -e '\''s/^: \([^ ]*\)[ ]*$/  {\"\1\", (void *) 0},/p'\'' -e '\''s/^[ABCDGIRSTW]* \([^ ]*\) \([^ ]*\)$/  {"\2", (void *) \&\2},/p'\'''
lt_cv_sys_global_symbol_to_c_name_address_lib_prefix='sed -n -e '\''s/^: \([^ ]*\)[ ]*$/  {\"\1\", (void *) 0},/p'\'' -e '\''s/^[ABCDGIRSTW]* \([^ ]*\) \(lib[^ ]*\)$/  {"\2", (void *) \&\2},/p'\'' -e '\''s/^[ABCDGIRSTW]* \([^ ]*\) \([^ ]*\)$/  {"lib\2", (void *) \&\2},/p'\'''
lt_cv_sys_global_symbol_to_cdecl='sed -n -e '\''s/^T .* \(.*\)$/extern int \1();/p'\'' -e '\''s/^[ABCDGIRSTW]* .* \(.*\)$/extern char \1;/p'\'''
lt_cv_sys_max_cmd_len=1572864
lt_cv_to_host_file_cmd=func_convert_file_noop
lt_cv_to_tool_file_cmd=func_convert_file_noop
xt_cv_lib_ogg=ok

## ----------------- ##
## Output variables. ##
## ----------------- ##

ACLOCAL='${SHELL} /home/pi/ices-2.0.3/missing aclocal-1.14'
ALSA_LIBS=''
AMDEPBACKSLASH='\'
AMDEP_FALSE='#'
AMDEP_TRUE=''
AMTAR='$${TAR-tar}'
AM_BACKSLASH='\'
AM_DEFAULT_V='$(AM_DEFAULT_VERBOSITY)'
AM_DEFAULT_VERBOSITY='1'
AM_V='$(V)'
AR='ar'
AUTOCONF='${SHELL} /home/pi/ices-2.0.3/missing autoconf'
AUTOHEADER='${SHELL} /home/pi/ices-2.0.3/missing autoheader'
AUTOMAKE='${SHELL} /home/pi/ices-2.0.3/missing automake-1.14'
AWK='mawk'
CC='gcc'
CCDEPMODE='depmode=gcc3'
CFLAGS='-g -O2'
CPP='gcc -E'
CPPFLAGS=''
CYGPATH_W='echo'
DEBUG=' -g'
DEFS='-DHAVE_CONFIG_H'
DEPDIR='.deps'
DLLTOOL='false'
DSYMUTIL=''
DUMPBIN=''
ECHO_C=''
ECHO_N='-n'
ECHO_T=''
EGREP='/usr/bin/grep -E'
EXEEXT=''
FGREP='/usr/bin/grep -F'
GREP='/usr/bin/grep'
HAVE_ALSA_FALSE=''
HAVE_ALSA_TRUE='#'
HAVE_OSS_FALSE='#'
HAVE_OSS_TRUE=''
HAVE_ROARAUDIO_FALSE='#'
HAVE_ROARAUDIO_TRUE=''
HAVE_SUN_AUDIO_FALSE=''
HAVE_SUN_AUDIO_TRUE='#'
INSTALL_DATA='${INSTALL} -m 644'
INSTALL_PROGRAM='${INSTALL}'
INSTALL_SCRIPT='${INSTALL}'
INSTALL_STRIP_PROGRAM='$(install_sh) -c -s'
LD='/usr/bin/ld'
LDFLAGS=''
LIBOBJS=''
LIBS=''
LIBTOOL='$(SHELL) $(top_builddir)/libtool'
LIBTOOL_DEPS='./ltmain.sh'
LIPO=''
LN_S='ln -s'
LTLIBOBJS=''
MAINT='#'
MAINTAINER_MODE_FALSE=''
MAINTAINER_MODE_TRUE='#'
MAKEINFO='${SHELL} /home/pi/ices-2.0.3/missing makeinfo'
MANIFEST_TOOL=':'
MKDIR_P='/usr/bin/mkdir -p'
NM='/usr/bin/nm -B'
NMEDIT=''
OBJDUMP='objdump'
OBJEXT='o'
OGG_CFLAGS='-I/usr/local/include'
OGG_LDFLAGS='-L/usr/local/lib'
OGG_LIBS='-logg'
OGG_PREFIX=''
OTOOL64=''
OTOOL=''
PACKAGE='ices'
PACKAGE_BUGREPORT='icecast@xiph.org'
PACKAGE_NAME='IceS'
PACKAGE_STRING='IceS 2.0.3'
PACKAGE_TARNAME='ices'
PACKAGE_URL=''
PACKAGE_VERSION='2.0.3'
PATH_SEPARATOR=':'
PKGCONFIG='/usr/bin/pkg-config'
PROFILE=' -g -pg'
RANLIB='ranlib'
ROARAUDIO_CFLAGS='-I/usr/include '
ROARAUDIO_LIBS='-L/usr/lib/arm-linux-gnueabihf -lroar'
SED='/usr/bin/sed'
SET_MAKE=''
SHELL='/bin/bash'
SHOUTCONFIG=''
STRIP='strip'
VERSION='2.0.3'
VORBISENC_LIBS='-lvorbisenc'
VORBISFILE_LIBS='-lvorbisfile'
VORBIS_CFLAGS='-I/usr/local/include'
VORBIS_LDFLAGS='-L/usr/local/lib'
VORBIS_LIBS='-lvorbis -logg -lm'
VORBIS_PREFIX=''
XIPH_CFLAGS=' -I/usr/include -I/usr/include/libxml2 -pthread'
XIPH_CPPFLAGS=' -ffast-math -fsigned-char -I/usr/local/include'
XIPH_LIBS=' -lvorbisenc -lvorbis -logg -lm  -L/usr/local/lib -lshout  -lxml2 '
XMLCONFIG='/usr/bin/xml2-config'
XML_CFLAGS='-I/usr/include/libxml2'
XML_LIBS='-lxml2'
ac_ct_AR='ar'
ac_ct_CC='gcc'
ac_ct_DUMPBIN=''
am__EXEEXT_FALSE=''
am__EXEEXT_TRUE='#'
am__fastdepCC_FALSE='#'
am__fastdepCC_TRUE=''
am__include='include'
am__isrc=''
am__leading_dot='.'
am__nodep='_no'
am__quote=''
am__tar='$${TAR-tar} chof - "$$tardir"'
am__untar='$${TAR-tar} xf -'
bindir='${exec_prefix}/bin'
build='armv7l-unknown-linux-gnueabihf'
build_alias=''
build_cpu='armv7l'
build_os='linux-gnueabihf'
build_vendor='unknown'
datadir='${datarootdir}'
datarootdir='${prefix}/share'
docdir='${datarootdir}/doc/${PACKAGE_TARNAME}'
dvidir='${docdir}'
exec_prefix='${prefix}'
host='armv7l-unknown-linux-gnueabihf'
host_alias=''
host_cpu='armv7l'
host_os='linux-gnueabihf'
host_vendor='unknown'
htmldir='${docdir}'
includedir='${prefix}/include'
infodir='${datarootdir}/info'
install_sh='${SHELL} /home/pi/ices-2.0.3/install-sh'
libdir='${exec_prefix}/lib'
libexecdir='${exec_prefix}/libexec'
localedir='${datarootdir}/locale'
localstatedir='${prefix}/var'
mandir='${datarootdir}/man'
mkdir_p='$(MKDIR_P)'
oldincludedir='/usr/include'
pdfdir='${docdir}'
prefix='/usr/local'
program_transform_name='s,x,x,'
psdir='${docdir}'
sbindir='${exec_prefix}/sbin'
sharedstatedir='${prefix}/com'
sysconfdir='${prefix}/etc'
target_alias=''

## ----------- ##
## confdefs.h. ##
## ----------- ##

/* confdefs.h */
#define PACKAGE_NAME "IceS"
#define PACKAGE_TARNAME "ices"
#define PACKAGE_VERSION "2.0.3"
#define PACKAGE_STRING "IceS 2.0.3"
#define PACKAGE_BUGREPORT "icecast@xiph.org"
#define PACKAGE_URL ""
#define PACKAGE "ices"
#define VERSION "2.0.3"
#define STDC_HEADERS 1
#define HAVE_SYS_TYPES_H 1
#define HAVE_SYS_STAT_H 1
#define HAVE_STDLIB_H 1
#define HAVE_STRING_H 1
#define HAVE_MEMORY_H 1
#define HAVE_STRINGS_H 1
#define HAVE_INTTYPES_H 1
#define HAVE_STDINT_H 1
#define HAVE_UNISTD_H 1
#define HAVE_DLFCN_H 1
#define LT_OBJDIR ".libs/"
#define _GNU_SOURCE /**/
#define STDC_HEADERS 1
#define TIME_WITH_SYS_TIME 1
#define HAVE_SYS_TIMEB_H 1
#define HAVE_SYS_SELECT_H 1
#define HAVE_OSS /**/
#define HAVE_ROARAUDIO /**/
#define HAVE_UINT64_T 1
#define HAVE_GETTIMEOFDAY 1
#define HAVE_FTIME 1
#define HAVE_SHOUT_SHOUT_H 1
#define HAVE_OGG 1

configure: exit 0
